Installing m17n-db-1.5.3-1.fc10.noarch
warning: m17n-db-1.5.3-1.fc10: Header V3 DSA signature: NOKEY, key ID 4ebfc273
Installing [setup-2.7.4-1.fc10.noarch]
Installing filesystem-2.4.19-1.fc10.i386
Installing texlive-texmf-errata-2007-4.fc9.noarch
Installing xml-common-0.6.3-26.fc10.noarch
Installing relaxngDatatype-1.0-3.2.fc10.noarch
Installing xkeyboard-config-1.4-4.fc10.noarch
Installing mozilla-filesystem-1.9-2.fc10.i386
Installing ca-certificates-2008-7.noarch
Installing rhino-1.6-0.1.r5.1.3.fc10.noarch
Installing mailcap-2.1.28-1.fc9.noarch
Installing iso-codes-3.3-1.fc10.noarch
Installing nodoka-filesystem-0.3.90-2.fc10.noarch
Installing nodoka-metacity-theme-0.3.90-2.fc10.noarch
Installing kdelibs-common-4.1.2-5.fc10.i386
Installing control-center-filesystem-2.24.0.1-9.fc10.i386
Installing kernel-headers-2.6.27.5-117.fc10.i386
Installing xmlrpc3-common-3.0-2.9.fc10.noarch
Installing desktop-backgrounds-basic-9.0.0-5.noarch
Installing xmlrpc3-client-3.0-2.9.fc10.noarch
Installing basesystem-10.0-1.noarch
Installing fedora-usermgmt-default-fedora-setup-0.10-2.fc10.noarch
Installing texlive-texmf-errata-latex-2007-4.fc9.noarch
Installing texlive-texmf-errata-fonts-2007-4.fc9.noarch
Installing texlive-texmf-errata-dvips-2007-4.fc9.noarch
Installing pygobject2-doc-2.15.4-3.fc10.i386
Installing tzdata-2008h-1.fc10.noarch
Installing mythes-en-3.0-1.fc9.noarch
Installing ncurses-base-5.6-20.20080927.fc10.i386
Installing solar-backgrounds-0.92.0-1.fc10.noarch
Installing comps-extras-15-1.noarch
Installing solar-backgrounds-common-0.92.0-1.fc10.noarch
Installing tomcat5-jasper-eclipse-5.5.27-4.9.fc10.noarch
Installing xorg-x11-util-macros-1.1.6-2.fc10.i386
Installing bluecurve-cursor-theme-8.0.2-2.fc10.noarch
Installing xorg-x11-server-common-1.5.3-5.fc10.i386
Installing maven-wagon-1.0-0.1.a5.3.4.fc10.noarch
Installing gnu-regexp-1.1.4-11.fc10.noarch
Installing evolution-data-server-doc-2.24.1-2.fc10.i386
Installing fedora-bookmarks-10-1.noarch
Installing kernel-firmware-2.6.27.5-117.fc10.noarch
Installing pygtk2-doc-2.13.0-2.fc10.i386
Installing etherboot-roms-kvm-5.4.4-4.fc10.i386
Installing tzdata-java-2008h-1.fc10.noarch
Installing gnome-backgrounds-2.24.0-2.fc10.noarch
Installing m17n-db-thai-1.5.3-1.fc10.noarch
Installing festvox-kal-diphone-0.19990610-6.fc10.i386
Installing log4j-manual-1.2.14-4.3.fc10.i386
Installing junit-manual-3.8.2-4.4.fc10.i386
Installing xml-commons-apis-manual-1.3.04-1.3.fc10.i386
Installing xalan-j2-manual-2.7.0-7.4.fc10.i386
Installing mx4j-manual-3.0.1-7.8.fc10.i386
Installing java_cup-manual-0.10k-1.i386
Installing avalon-framework-manual-4.1.4-4.fc10.i386
Installing ant-manual-1.7.1-7.2.fc10.i386
Installing antlr-manual-2.7.7-2.fc10.i386
Installing ql2100-firmware-1.19.38-1.fc8.1.noarch
Installing rt73usb-firmware-1.8-4.noarch
Installing ql2400-firmware-4.04.04-1.fc10.noarch
Installing iwl5000-firmware-5.4.A.11-3.noarch
Installing atmel-firmware-1.3-4.noarch
Installing libertas-usb8388-firmware-5.110.22.p14-1.fc10.noarch
Installing iwl4965-firmware-228.57.2.21-3.noarch
Installing ql23xx-firmware-3.03.20-1.fc8.1.noarch
Installing iwl3945-firmware-15.28.2.8-2.noarch
Installing ipw2200-firmware-3.0-10.noarch
Installing ipw2100-firmware-1.3-8.noarch
Installing ql2200-firmware-2.02.08-1.fc8.1.noarch
Installing rt61pci-firmware-1.2-4.noarch
Installing zd1211-firmware-1.4-1.noarch
Installing gnome-devel-docs-2.24.0-1.fc10.noarch
Installing gnome-audio-2.22.2-2.fc10.noarch
Installing rootfiles-8.1-1.1.1.noarch
Installing man-pages-3.09-2.fc10.noarch
Installing words-3.0-13.fc10.noarch
Installing specspo-16-1.noarch
Installing libgcc-4.3.2-7.i386
Installing glibc-2.9-2.i686
Installing zlib-1.2.3-18.fc9.i386
Installing libstdc++-4.3.2-7.i386
Installing libxml2-2.7.2-1.fc10.i386
Installing libICE-1.0.4-4.fc10.i386
Installing pkgconfig-0.23-3.fc10.i386
Installing popt-1.13-4.fc10.i386
Installing chkconfig-1.3.38-1.i386
Installing libjpeg-6b-43.fc10.i386
Installing libart_lgpl-2.3.20-1.fc9.i386
Installing e2fsprogs-libs-1.41.3-2.fc10.i386
Installing libSM-1.1.0-2.fc10.i386
Installing ncurses-libs-5.6-20.20080927.fc10.i386
Installing bash-3.2-29.fc10.i386
Installing freetype-2.3.7-1.fc10.i386
Installing info-4.12-4.fc10.i386
Installing libpng-1.2.31-2.fc10.i386
Installing bzip2-libs-1.0.5-3.fc10.i386
Installing libXau-1.0.4-1.fc10.i386
Installing libattr-2.4.43-1.fc10.i386
Installing libacl-2.2.47-3.fc10.i386
Installing libXdmcp-1.0.2-6.fc10.i386
Installing nspr-4.7.2-2.fc10.i386
Installing pcre-7.8-1.fc10.i386
Installing expat-2.0.1-5.i386
Installing grep-2.5.1a-61.fc10.i386
Installing libusb-0.1.12-20.fc10.i386
Installing readline-5.2-13.fc9.i386
Installing sqlite-3.5.9-2.fc10.i386
Installing nss-3.12.2.0-3.fc10.i386
Installing libtiff-3.8.2-11.fc10.i386
Installing libcap-2.10-2.fc10.i386
Installing db4-4.7.25-5.fc10.i386
Installing cyrus-sasl-lib-2.1.22-19.fc10.i386
Installing libgpg-error-1.6-2.i386
Installing libgcrypt-1.4.3-2.fc10.i386
Installing libxslt-1.1.24-2.fc10.i386
Installing libsepol-2.0.33-1.fc10.i386
Installing libselinux-2.0.73-1.fc10.i386
Installing audit-libs-1.7.8-6.fc10.i386
Installing shadow-utils-4.1.2-8.fc10.i386
Installing libutempter-1.1.5-2.fc9.i386
Installing libogg-1.1.3-9.fc9.i386
Installing sed-4.1.5-10.fc9.i386
Installing elfutils-libelf-0.137-3.fc10.i386
Installing libvorbis-1.2.0-5.fc10.i386
Installing libidn-0.6.14-8.i386
Installing gmp-4.2.2-8.fc10.i386
Installing libexif-0.6.16-1.fc9.i386
Installing tcp_wrappers-libs-7.6-53.fc10.i386
Installing device-mapper-libs-1.02.27-6.fc10.i386
Installing libtool-ltdl-1.5.26-4.fc10.i386
Installing gdbm-1.8.0-29.fc10.i386
Installing bluez-libs-4.17-2.fc10.i386
Installing findutils-4.4.0-1.fc10.i386
Installing which-2.19-3.fc9.i386
Installing jasper-libs-1.900.1-8.fc9.i386
Installing speex-1.2-0.10.rc1.fc10.i386
Installing diffutils-2.8.1-21.fc9.i386
Installing apr-1.3.3-1.fc10.i386
Installing device-mapper-1.02.27-6.fc10.i386
Installing flac-1.2.1-4.fc9.i386
Installing libxcb-1.1.91-5.fc10.i386
Installing libsigc++20-2.2.2-1.fc9.i386
Installing libtdb-1.1.1-22.fc10.i386
Installing libdrm-2.4.0-0.21.fc10.i386
Installing lua-5.1.4-1.fc10.i386
Installing cpio-2.9.90-2.fc10.i386
Installing make-3.81-14.fc10.i386
Installing m4-1.4.11-1.fc10.i386
Installing file-libs-4.26-3.fc10.i386
Installing libpcap-0.9.8-3.fc10.i386
Installing keyutils-libs-1.2-3.fc9.i386
Installing libnl-1.1-5.fc10.i386
Installing file-4.26-3.fc10.i386
Installing apr-util-1.3.4-1.fc10.i386
Installing libtheora-1.0rc1-2.fc10.i386
Installing libmusicbrainz-2.1.5-7.fc10.i386
Installing bzip2-1.0.5-3.fc10.i386
Installing binutils-2.18.50.0.9-7.fc10.i386
Installing glibc-common-2.9-2.i386
Installing libtalloc-1.2.0-22.fc10.i386
Installing hunspell-1.2.7-5.fc10.i386
Installing ilmbase-1.0.1-2.fc9.i386
Installing php-common-5.2.6-5.i386
Installing libfontenc-1.0.4-6.fc10.i386
Installing slang-2.1.4-1.fc10.i386
Installing newt-0.52.10-1.fc10.i386
Installing audiofile-0.2.6-9.fc10.i386
Installing liboil-0.3.14-1.fc9.i386
Installing OpenEXR-libs-1.6.1-4.fc10.i386
Installing mpfr-2.3.2-1.fc10.i386
Installing lockdev-1.0.1-13.fc10.i386
Installing libgphoto2-2.4.3-1.fc10.i386
Installing patch-2.5.4-35.fc10.i386
Installing psmisc-22.6-8.fc10.i386
Installing tar-1.20-3.fc10.i386
Installing libarchive-2.5.5-1.fc10.i386
Installing cdparanoia-libs-10.2-2.fc10.i386
Installing iptables-1.4.1.1-2.fc10.i386
Installing cracklib-2.8.12-2.i386
Installing procps-3.2.7-21.fc10.i386
Installing xen-libs-3.3.0-1.fc10.i386
Installing taglib-1.5-2.fc10.i386
Installing compat-db45-4.5.20-5.fc10.i386
Installing libicu-4.0-3.fc10.i386
Installing clucene-core-0.9.21-1.fc10.i386
Installing pciutils-libs-3.0.2-1.fc10.i386
Installing libraw1394-2.0.0-2.fc10.i386
Installing libieee1284-0.2.11-3.fc9.i386
Installing libXfont-1.3.3-1.fc10.i386
Installing libdhcp6client-1.0.22-1.fc10.i386
Installing e2fsprogs-1.41.3-2.fc10.i386
Installing pilot-link-0.12.3-18.fc10.i386
Installing parted-1.8.8-8.fc10.i386
Installing net-tools-1.60-91.fc10.i386
Installing less-424-1.fc10.i386
Installing plymouth-libs-0.6.0-0.2008.11.17.3.fc10.i386
Installing unzip-5.52-9.fc9.i386
Installing procmail-3.22-22.fc10.i386
Installing ncurses-5.6-20.20080927.fc10.i386
Installing libopenraw-0.0.5-1.fc9.i386
Installing eject-2.1.5-12.fc10.i386
Installing SDL-1.2.13-6.fc10.i386
Installing libdbi-0.8.3-1.fc9.i386
Installing pcsc-lite-libs-1.4.102-3.fc10.i386
Installing pixman-0.12.0-2.fc10.i386
Installing pth-2.0.7-7.i386
Installing upstart-0.3.9-19.fc10.i386
Installing wavpack-4.50.1-2.fc10.i386
Installing libdhcp4client-4.0.0-30.fc10.i386
Installing hesiod-3.1.0-13.i386
Installing libasyncns-0.7-1.fc10.i386
Installing libwmf-lite-0.2.8.4-18.fc9.i386
Installing tcl-8.5.3-1.fc10.i386
Installing libdhcp-1.99.8-1.fc10.i386
Installing cpp-4.3.2-7.i386
Installing MAKEDEV-3.24-1.i386
Installing kpartx-0.4.8-7.fc10.i386
Installing elfutils-libs-0.137-3.fc10.i386
Installing vim-minimal-7.2.025-2.fc10.i386
Installing sysvinit-tools-2.86-24.i386
Installing checkpolicy-2.0.16-3.fc10.i386
Installing libotr-3.2.0-2.fc10.i386
Installing libksba-1.0.4-1.fc10.i386
Installing pinentry-0.7.4-5.fc9.i386
Installing openobex-1.3-15.fc10.i386
Installing exempi-2.0.1-1.fc10.i386
Installing exiv2-libs-0.17.1-1.fc10.i386
Installing rsync-3.0.4-0.fc10.i386
Installing gpm-1.20.5-1.fc10.i386
Installing libgomp-4.3.2-7.i386
Installing libedit-2.11-1.20080712cvs.fc10.i386
Installing djvulibre-libs-3.5.20-3.fc10.i386
Installing libmp4v2-1.5.0.1-6.fc10.i386
Installing libcapseo-0.2.0-0.2.20080603gita6ec446.fc10.i386
Installing libsmbios-2.0.1-2.fc10.1.i386
Installing zip-2.31-6.fc9.i386
Installing libevent-1.4.5-1.fc10.i386
Installing lzo-2.03-1.fc10.i386
Installing fuse-libs-2.7.4-1.fc10.i386
Installing libv4l-0.5.3-1.fc10.i386
Installing netpbm-10.35.54-1.fc10.i386
Installing babl-0.0.22-1.fc10.i386
Installing anthy-9100e-3.fc10.i386
Installing libmpcdec-1.2.6-4.fc9.i386
Installing libdaemon-0.13-1.fc10.i386
Installing hyphen-2.4-1.fc10.i386
Installing libvolume_id-127-3.fc10.i386
Installing dmidecode-2.9-1.31.fc10.i386
Installing libtasn1-1.5-1.fc10.i386
Installing gnutls-2.4.2-2.fc10.i386
Installing libggz-0.99.4-1.fc10.i386
Installing ggz-client-libs-0.99.4-1.fc10.i386
Installing avahi-autoipd-0.6.22-11.fc10.i386
Installing smbios-utils-2.0.1-2.fc10.1.i386
Installing elfutils-0.137-3.fc10.i386
Installing dmraid-1.0.0.rc15-2.fc10.i386
Installing libiec61883-1.1.0-5.fc10.i386
Installing libavc1394-0.5.3-4.fc10.i386
Installing boost-1.34.1-17.fc10.i386
Installing iptables-ipv6-1.4.1.1-2.fc10.i386
Installing cdparanoia-10.2-2.fc10.i386
Installing tmpwatch-2.9.13-2.i386
Installing php-pdo-5.2.6-5.i386
Installing oprofile-0.9.4-3.fc10.i386
Installing libshout-2.2.2-3.fc9.i386
Installing flex-2.5.35-2.fc10.i386
Installing mesa-dri-drivers-7.2-0.13.fc10.i386
Installing jasper-1.900.1-8.fc9.i386
Installing cryptsetup-luks-1.0.6-6.fc10.i386
Installing tcp_wrappers-7.6-53.fc10.i386
Installing iputils-20071127-6.fc10.i386
Installing ntpdate-4.2.4p5-2.fc10.i386
Installing libselinux-utils-2.0.73-1.fc10.i386
Installing setools-libs-3.3.5-1.fc10.i386
Installing setools-console-3.3.5-1.fc10.i386
Installing cyrus-sasl-plain-2.1.22-19.fc10.i386
Installing nss_compat_ossl-0.9.4-1.fc10.i386
Installing nss-tools-3.12.2.0-3.fc10.i386
Installing bc-1.06-33.fc9.i386
Installing unixODBC-2.2.12-9.fc10.i386
Installing acl-2.2.47-3.fc10.i386
Installing time-1.7-34.fc10.i386
Installing ed-1.1-1.fc10.i386
Installing texinfo-4.12-4.fc10.i386
Installing indent-2.2.10-2.fc10.i386
Installing libcdio-0.80-5.fc10.i386
Installing fftw-3.1.2-7.fc10.i386
Installing libofa-0.9.3-13.fc9.i386
Installing iscsi-initiator-utils-6.2.0.870-0.1.rc1.fc10.i386
Installing vim-common-7.2.025-2.fc10.i386
Installing urlview-0.9-4.fc9.i386
Installing vnc-libs-4.1.2-35.fc10.i386
Installing portreserve-0.0.3-2.fc10.i386
Installing libpaper-1.1.23-3.fc10.i386
Installing rmt-0.4b41-9.fc10.i386
Installing db4-cxx-4.7.25-5.fc10.i386
Installing libconfig-1.3.1-1.fc10.i386
Installing cdrdao-1.2.2-5.i386
Installing libical-0.40-1.fc10.i386
Installing libmodplug-0.8.4-3.fc9.i386
Installing gettext-libs-0.17-8.fc10.i386
Installing radeontool-1.5-3.fc9.i386
Installing libzip-0.8-5.fc9.i386
Installing qemu-img-0.9.1-10.fc10.i386
Installing wireless-tools-29-2.fc9.i386
Installing hdparm-8.6-1.fc9.i386
Installing ctags-5.7-3.fc10.i386
Installing lrzsz-0.12.20-24.fc10.i386
Installing gnuchess-5.07-11.fc9.i386
Installing bridge-utils-1.2-6.fc10.i386
Installing pax-3.4-6.fc10.i386
Installing libx86-1.1-3.fc10.i386
Installing vbetool-1.1-1.fc10.i386
Installing libaio-0.3.107-4.fc10.i386
Installing libhangul-0.0.6-5.fc10.i386
Installing ethtool-6-1.fc9.i386
Installing mingetty-1.08-2.fc9.i386
Installing libdv-1.0.0-5.fc10.i386
Installing Canna-libs-3.7p3-25.fc10.i386
Installing libgfortran-4.3.2-7.i386
Installing libiptcdata-1.0.2-2.fc9.i386
Installing gsm-1.0.12-6.fc9.i386
Installing m17n-lib-1.5.3-1.fc10.i386
Installing libchewing-0.3.1-0.fc10.i386
Installing linux-atm-libs-2.5.0-5.i386
Installing iproute-2.6.26-1.fc10.i386
Installing vpnc-0.5.1-6.fc10.i386
Installing pakchois-0.4-1.i386
Installing libthai-0.1.9-4.fc9.i386
Installing libvisual-0.4.0-6.fc9.i386
Installing sg3_utils-libs-1.26-1.fc10.i386
Installing libwiimote-0.4-7.fc10.i386
Installing lzma-libs-4.32.7-1.fc10.i386
Installing lzma-4.32.7-1.fc10.i386
Installing libtextcat-2.2-5.fc9.i386
Installing chmlib-0.39-7.fc9.i386
Installing ustr-1.0.4-7.fc10.i386
Installing libsemanage-2.0.28-1.fc10.i386
Installing libnfnetlink-0.0.39-2.fc10.i386
Installing libnetfilter_conntrack-0.0.97-1.fc10.i386
Installing lpsolve-5.5.0.13-1.fc10.i386
Installing paps-libs-0.6.8-7.fc10.i386
Installing lzo-minilzo-2.03-1.fc10.i386
Installing libvncserver-0.9.1-3.fc10.i386
Installing libffi-3.0.5-1.fc10.i386
Installing iptstate-2.2.1-3.fc9.i386
Installing device-mapper-multipath-0.4.8-7.fc10.i386
Installing minicom-2.3-3.fc10.i386
Installing ntfsprogs-2.0.0-9.fc10.i386
Installing dump-0.4b41-9.fc10.i386
Installing slrn-0.9.9p1-1.fc10.i386
Installing qdbm-1.8.77-3.fc9.i386
Installing joe-3.5-5.fc9.i386
Installing ntsysv-1.3.38-1.i386
Installing bison-2.3-5.fc9.i386
Installing nss_db-2.2-43.fc10.i386
Installing jwhois-4.0-8.fc10.i386
Installing ltrace-0.5-12.45svn.fc10.i386
Installing mlocate-0.21.1-1.i386
Installing lsof-4.80-2.fc10.i386
Installing ftp-0.17-48.fc10.i386
Installing tcsh-6.15-6.fc10.i386
Installing attr-2.4.43-1.fc10.i386
Installing doxygen-1.5.7.1-1.fc10.i386
Installing nano-2.0.6-4.fc9.i386
Installing acpid-1.0.6-9.fc10.i386
Installing cpuspeed-1.5-1.fc10.i386
Installing cscope-15.6-2.fc10.i386
Installing xfsprogs-2.10.1-1.fc10.i386
Installing talk-0.17-30.2.4.i386
Installing telnet-0.17-42.fc9.i386
Installing mtr-0.75-2.fc10.i386
Installing jfsutils-1.1.12-2.i386
Installing reiserfs-utils-3.6.19-4.fc10.i386
Installing ntfs-3g-1.5012-4.fc10.i386
Installing swig-1.3.35-2.fc10.i386
Installing efibootmgr-0.5.4-4.fc9.i386
Installing zisofs-tools-1.0.8-3.fc9.i386
Installing traceroute-2.0.12-1.fc10.i386
Installing pam_smb-1.1.7-9.fc10.i386
Installing rdist-6.1.5-45.i386
Installing vconfig-1.9-6.fc9.i386
Installing finger-0.17-36.fc9.i386
Installing dosfstools-3.0.0-2.fc10.i386
Installing rsh-0.17-51.fc10.i386
Installing rdate-1.4-12.fc10.i386
Installing dos2unix-3.1-34.fc10.i386
Installing symlinks-1.2-32.fc10.i386
Installing unix2dos-2.2-32.fc10.i386
Installing tree-1.5.2.1-1.fc10.i386
Installing setserial-2.17-22.fc9.i386
Installing strace-4.5.18-1.fc10.i386
Installing diffstat-1.43-8.fc10.i386
Installing rcs-5.7-33.fc10.i386
Installing byacc-1.9.20070509-4.fc10.i386
Installing joystick-1.2.15-22.fc10.i386
Installing bcm43xx-fwcutter-006-4.fc9.i386
Installing b43-fwcutter-011-3.fc9.i386
Installing mpage-2.5.6-3.fc10.i386
Installing rhdb-utils-8.3.0-1.fc9.i386
Installing jpackage-utils-1.7.5-1.6.fc10.noarch
Installing xorg-x11-filesystem-7.3-2.fc10.noarch
Installing tomcat5-servlet-2.4-api-5.5.27-4.9.fc10.noarch
Installing plexus-utils-1.2-2.2.fc10.noarch
Installing zlib-devel-1.2.3-18.fc9.i386
Installing freetype-devel-2.3.7-1.fc10.i386
Installing libpng-devel-1.2.31-2.fc10.i386
Installing libart_lgpl-devel-2.3.20-1.fc9.i386
Installing sgml-common-0.6.3-26.fc10.noarch
Installing texlive-texmf-2007-26.fc10.noarch
Installing libjpeg-devel-6b-43.fc10.i386
Installing tomcat5-jsp-2.0-api-5.5.27-4.9.fc10.noarch
Installing crontabs-1.10-23.fc10.noarch
Installing oxygen-icon-theme-4.1.2-5.fc10.noarch
Installing popt-devel-1.13-4.fc10.i386
Installing texlive-texmf-dvips-2007-26.fc10.noarch
Installing libdbi-drivers-0.8.3-2.fc10.i386
Installing hunspell-en-0.20080829-1.fc10.noarch
Installing ctapi-common-1.1-4.fc9.i386
Installing nspr-devel-4.7.2-2.fc10.i386
Installing nss-devel-3.12.2.0-3.fc10.i386
Installing cjkunifonts-uming-0.2.20080216.1-8.fc10.noarch
Installing gnome-doc-utils-stylesheets-0.14.0-1.fc10.noarch
Installing tomcat5-jasper-5.5.27-4.9.fc10.noarch
Installing libfontenc-devel-1.0.4-6.fc10.i386
Installing maven2-common-poms-1.0-4.4.fc10.noarch
Installing jakarta-commons-io-1.3.2-1.2.fc10.noarch
/var/tmp/rpm-tmp.pUCknH: line 4: cat: command not found
Installing icu4j-eclipse-3.8.1-4.fc10.i386
Installing boost-devel-1.34.1-17.fc10.i386
Installing hyphen-en-2.4-1.fc10.i386
Installing pixman-devel-0.12.0-2.fc10.i386
Installing cracklib-dicts-2.8.12-2.i386
Installing audiofile-devel-0.2.6-9.fc10.i386
Installing slang-devel-2.1.4-1.fc10.i386
Installing keyutils-libs-devel-1.2-3.fc9.i386
Installing libxcb-devel-1.1.91-5.fc10.i386
Installing device-mapper-devel-1.02.27-6.fc10.i386
Installing libidn-devel-0.6.14-8.i386
Installing libsilc-1.1.7-2.fc10.i386
Installing elfutils-libelf-devel-0.137-3.fc10.i386
Installing libutempter-devel-1.1.5-2.fc9.i386
Installing libsepol-devel-2.0.33-1.fc10.i386
Installing libselinux-devel-2.0.73-1.fc10.i386
Installing libgpg-error-devel-1.6-2.i386
Installing sqlite-devel-3.5.9-2.fc10.i386
Installing libattr-devel-2.4.43-1.fc10.i386
Installing bzip2-devel-1.0.5-3.fc10.i386
Installing ncurses-devel-5.6-20.20080927.fc10.i386
Installing readline-devel-5.2-13.fc9.i386
Installing pilot-link-devel-0.12.3-18.fc10.i386
Installing liberation-fonts-1.04.90-1.fc10.noarch
Installing dejavu-fonts-2.26-2.fc10.noarch
Installing fedora-release-notes-10.0.0-1.noarch
Installing fedora-release-10-1.noarch
Installing pygtk2-codegen-2.13.0-2.fc10.i386
Installing glibc-headers-2.9-2.i386
Installing glibc-devel-2.9-2.i386
Installing pygobject2-codegen-2.15.4-3.fc10.i386
Installing gnome-mime-data-2.18.0-3.fc10.noarch
Installing libstdc++-devel-4.3.2-7.i386
Installing dejavu-fonts-experimental-2.26-2.fc10.noarch
Installing newt-devel-0.52.10-1.fc10.i386
Installing binutils-devel-2.18.50.0.9-7.fc10.i386
Installing xorg-x11-xtrans-devel-1.2.1-2.fc10.i386
Installing db4-devel-4.7.25-5.fc10.i386
Installing netpbm-devel-10.35.54-1.fc10.i386
Installing gpm-devel-1.20.5-1.fc10.i386
Installing hesiod-devel-3.1.0-13.i386
Installing pcsc-lite-devel-1.4.102-3.fc10.i386
Installing lockdev-devel-1.0.1-13.fc10.i386
Installing libdrm-devel-2.4.0-0.21.fc10.i386
Installing kernel-devel-2.6.27.5-117.fc10.i686
Installing gdbm-devel-1.8.0-29.fc10.i386
Installing gmp-devel-4.2.2-8.fc10.i386
Installing libcap-devel-2.10-2.fc10.i386
Installing libtiff-devel-3.8.2-11.fc10.i386
Installing expat-devel-2.0.1-5.i386
Installing paktype-fonts-2.0-2.fc8.noarch
Installing lohit-fonts-bengali-2.3.1-1.fc10.noarch
Installing jomolhari-fonts-0.003-5.fc10.noarch
Installing padauk-fonts-2.4-2.fc10.noarch
Installing lohit-fonts-tamil-2.3.1-1.fc10.noarch
Installing lklug-fonts-0.2.2-6.fc10.noarch
Installing kacst-fonts-2.0-1.fc10.noarch
Installing VLGothic-fonts-20080908-1.fc10.noarch
Installing abyssinica-fonts-1.0-2.fc8.noarch
Installing lohit-fonts-punjabi-2.3.1-1.fc10.noarch
Installing stix-fonts-0.9-7.fc10.noarch
Installing thaifonts-scalable-0.4.9-3.fc9.noarch
Installing un-core-fonts-dotum-1.0.2-0.6.080608.fc10.noarch
Installing lohit-fonts-kannada-2.3.1-1.fc10.noarch
Installing lohit-fonts-hindi-2.3.1-1.fc10.noarch
Installing smc-fonts-meera-04.1-1.fc10.noarch
Installing lohit-fonts-gujarati-2.3.1-1.fc10.noarch
Installing khmeros-fonts-base-5.0-3.fc10.noarch
Installing lohit-fonts-telugu-2.3.1-1.fc10.noarch
Installing lohit-fonts-maithili-2.3.1-1.fc10.noarch
Installing lohit-fonts-oriya-2.3.1-1.fc10.noarch
Installing cjkunifonts-ukai-0.2.20080216.1-8.fc10.noarch
Installing taipeifonts-1.2-5.fc9.noarch
Installing libX11-1.1.4-5.fc10.i386
Installing libXext-1.0.4-1.fc9.i386
Installing libXrender-0.9.4-3.fc9.i386
Installing libXfixes-4.0.3-4.fc10.i386
Installing libXcursor-1.1.9-3.fc10.i386
Installing libXtst-1.0.3-3.fc9.i386
Installing libXpm-3.5.7-4.fc9.i386
Installing libXrandr-1.2.3-1.fc10.i386
Installing libXt-1.0.5-1.fc10.i386
Installing startup-notification-0.9-4.fc9.i386
Installing giflib-4.1.3-9.i386
Installing libXinerama-1.0.3-2.fc10.i386
Installing libXi-1.1.3-4.fc9.i386
Installing libXmu-1.0.4-1.fc9.i386
Installing libXdamage-1.1.1-4.fc9.i386
Installing libXxf86vm-1.0.2-1.fc10.i386
Installing mesa-libGL-7.2-0.13.fc10.i386
Installing mesa-libGLU-7.2-0.13.fc10.i386
Installing libXcomposite-0.4.0-5.fc10.i386
Installing libXScrnSaver-1.1.3-1.fc10.i386
Installing pulseaudio-libs-0.9.13-6.fc10.i386
Installing libXaw-1.0.4-3.fc10.i386
Installing libXv-1.0.4-1.fc10.i386
Installing gcc-4.3.2-7.i386
Installing libXxf86misc-1.0.1-6.fc10.i386
Installing xorg-x11-server-utils-7.4-3.fc10.i386
Installing libXres-1.0.3-5.fc10.i386
Installing libxkbfile-1.0.4-5.fc9.i386
Installing libXevie-1.0.2-4.fc10.i386
Installing xorg-x11-xkb-utils-7.2-7.fc10.i386
Installing gcc-c++-4.3.2-7.i386
Installing libXvMC-1.0.4-5.fc10.i386
Installing libdmx-1.0.2-6.fc10.i386
Installing libXxf86dga-1.0.2-3.fc10.i386
Installing libgcrypt-devel-1.4.3-2.fc10.i386
Installing xorg-x11-font-utils-7.2-6.fc10.i386
Installing freeglut-2.4.0-14.fc9.i386
Installing xorg-x11-xauth-1.0.2-5.fc10.i386
Installing Xaw3d-1.5E-12.fc10.i386
Installing gnokii-0.6.27-2.fc10.i386
Installing libcaptury-0.3.0-0.1.20080323gitcca4e3c.fc10.i386
Installing ctapi-cyberjack-3.0.5-2.fc9.i386
Installing opensp-1.5.2-10.fc10.i386
Installing xorg-x11-fonts-75dpi-7.2-6.fc9.noarch
Installing gnutls-devel-2.4.2-2.fc10.i386
Installing libxkbfile-devel-1.0.4-5.fc9.i386
Installing giflib-devel-4.1.3-9.i386
Installing openjade-1.3.2-31.fc9.i386
Installing xrestop-0.4-5.fc10.i386
Installing gcc-gfortran-4.3.2-7.i386
Installing glx-utils-7.2-0.13.fc10.i386
Installing glib2-2.18.2-3.fc10.i386
Installing atk-1.24.0-1.fc10.i386
Installing dbus-libs-1.2.4-1.fc10.i386
Installing coreutils-6.12-17.fc10.i386
Installing hicolor-icon-theme-0.10-4.noarch
Installing fedora-logos-10.0.1-2.fc10.noarch
Installing mesa-libGL-devel-7.2-0.13.fc10.i386
Installing mesa-libGLU-devel-7.2-0.13.fc10.i386
Installing jline-0.9.94-0.2.fc10.noarch
Installing libao-0.8.8-5.fc10.i386
Installing sound-theme-freedesktop-0.2-2.fc10.noarch
Installing texlive-texmf-fonts-2007-26.fc10.noarch
Installing perl-Pod-Escapes-1.04-49.fc10.i386
Installing libXdmcp-devel-1.0.2-6.fc10.i386
Installing fontconfig-2.6.0-3.fc10.i386
Installing cairo-1.8.0-1.fc10.i386
Installing dbus-glib-0.76-3.fc10.i386
Installing libXft-2.1.13-1.fc10.i386
Installing pango-1.22.1-1.fc10.i386
Installing krb5-libs-1.6.3-16.fc10.i386
Installing openssl-0.9.8g-11.fc10.i686
Installing qt-4.4.3-2.fc10.i386
Installing pam-1.0.2-2.fc10.i386
Installing openldap-2.4.12-1.fc10.i386
Installing gamin-0.1.9-6.fc10.i386
Installing strigi-libs-0.5.11-1.fc10.i386
Installing dbus-1.2.4-1.fc10.i386
Installing hal-libs-0.5.12-12.20081027git.fc10.i386
Installing alsa-lib-1.0.18-6.rc3.fc10.i386
Installing java-1.6.0-openjdk-1.6.0.0-2b12.fc10.i386
Installing desktop-file-utils-0.15-3.fc10.i386
Installing PolicyKit-0.9-3.fc10.i386
Installing libsoup-2.24.1-1.fc10.i386
Installing cups-libs-1.3.9-2.fc10.i386
Installing gtk2-2.14.4-3.fc10.i386
Installing libgcj-4.3.2-7.i386
Installing libglade2-2.6.3-1.fc10.i386
Installing libgnomecanvas-2.20.1.1-2.fc9.i386
Installing gawk-3.1.5-18.fc10.i386
Installing openoffice.org-ure-3.0.0-9.10.fc10.i386
Installing mysql-libs-5.0.67-2.fc10.i386
Installing lcms-libs-1.17-6.fc10.i386
Installing scim-libs-1.4.7-35.fc10.i386
Installing libwnck-2.24.1-1.fc10.i386
Installing PolicyKit-gnome-libs-0.9-3.fc10.i386
Installing shared-mime-info-0.51-4.fc10.i386
Installing libmng-1.0.9-7.i386
Installing qt-x11-4.4.3-2.fc10.i386
Installing qt3-3.3.8b-17.fc10.i386
Installing NetworkManager-glib-0.7.0-0.11.svn4229.fc10.i386
Installing dbus-x11-1.2.4-1.fc10.i386
Installing enchant-1.4.2-4.fc10.i386
Installing qimageblitz-0.0.4-0.4.svn706674.fc9.i386
Installing gzip-1.3.12-7.fc10.i386
Installing module-init-tools-3.5-3.fc10.i386
Installing libxklavier-3.7-3.fc10.i386
Installing nautilus-extensions-2.24.1-3.fc10.i386
Installing libsndfile-1.0.17-6.fc10.i386
Installing postgresql-libs-8.3.4-1.fc10.i386
Installing logrotate-3.7.7-1.fc10.i386
Installing xine-lib-1.1.15-3.fc10.i386
Installing qca2-2.0.0-3.fc10.i386
Installing cairomm-1.6.2-1.fc10.i386
Installing poppler-0.8.7-1.fc10.i386
Installing libIDL-0.8.11-1.fc10.i386
Installing ORBit2-2.14.16-1.fc10.i386
Installing GConf2-2.24.0-1.fc10.i386
Installing libbonobo-2.24.0-2.fc10.i386
Installing gnome-keyring-2.24.1-1.fc10.i386
Installing at-spi-1.24.0-5.fc10.i386
Installing libgtop2-2.24.0-1.fc10.i386
Installing glibmm24-2.18.1-1.fc10.i386
Installing pangomm-2.14.0-2.fc10.i386
Installing libgnomekbd-2.24.0-1.fc10.i386
Installing ppp-2.4.4-8.fc10.i386
Installing libsamplerate-0.1.4-1.fc10.i386
Installing libsexy-0.1.11-9.fc10.i386
Installing notification-daemon-0.3.7.90-1.svn3009.fc10.i386
Installing libnotify-0.4.4-12.fc10.i386
Installing esound-libs-0.2.40-1.fc10.i386
Installing ConsoleKit-libs-0.3.0-2.fc10.i386
Installing util-linux-ng-2.14.1-3.fc10.i386
Installing libuser-0.56.9-1.i386
Installing neon-0.28.3-2.i386
Installing ConsoleKit-0.3.0-2.fc10.i386
Installing pulseaudio-core-libs-0.9.13-6.fc10.i386
Installing pulseaudio-0.9.13-6.fc10.i386
Installing gtkmm24-2.14.1-1.fc10.i386
Installing metacity-2.24.0-2.fc10.i386
Installing libgsf-1.14.10-1.fc10.i386
Installing lvm2-2.02.39-6.fc10.i386
Installing obex-data-server-0.4.1-1.fc10.i386
Installing gimp-libs-2.6.2-1.fc10.i386
Installing gtksourceview2-2.4.0-1.fc10.i386
Installing wget-1.11.4-1.fc10.i386
Installing mailx-12.4-1.fc10.i386
Installing libgssglue-0.1-6.fc10.i386
Installing nfs-utils-lib-1.1.4-1.fc10.i386
Installing passwd-0.75-2.fc9.i386
Installing usermode-1.98.1-1.i386
Installing usermode-gtk-1.98.1-1.i386
Installing rarian-0.8.1-1.fc10.i386
Installing rarian-compat-0.8.1-1.fc10.i386
Installing festival-speechtools-libs-1.2.96-6.fc10.i386
Installing gnome-keyring-pam-2.24.1-1.fc10.i386
Installing libgweather-2.24.1-1.fc10.i386
Installing rsyslog-3.21.3-4.fc10.i386
Installing gtkspell-2.0.13-1.fc10.i386
Installing arts-1.5.10-1.fc10.i386
Installing gssdp-0.6.3-1.fc10.i386
Installing qdox-1.6.1-5.2.fc10.i386
Installing msv-xsdlib-1.2-0.2.20050722.3.4.fc10.i386
Installing libgpod-0.6.0-7.fc10.i386
Installing unique-1.0.0-1.fc10.i386
Installing gtkglext-libs-1.2.0-7.fc10.i386
Installing gtk-vnc-0.3.7-3.fc10.i386
Installing libgxim-0.3.1-1.fc10.i386
Installing imsettings-libs-0.105.1-2.fc10.i386
Installing compiz-0.7.6-17.fc10.i386
Installing ptlib-2.4.2-1.fc10.i386
Installing bind-libs-9.5.1-0.8.b2.fc10.i386
Installing nash-6.0.71-2.fc10.i386
Installing cyrus-sasl-md5-2.1.22-19.fc10.i386
Installing tk-8.5.3-4.fc10.i386
Installing gd-2.0.35-6.fc10.i386
Installing libgdiplus-2.0-4.fc10.i386
Installing libcroco-0.6.1-5.fc9.i386
Installing librsvg2-2.22.3-1.fc10.i386
Installing libmalaga-7.12-1.fc9.i386
Installing lcms-1.17-6.fc10.i386
Installing gegl-0.0.20-1.fc10.i386
Installing tix-8.4.3-1.fc10.i386
Installing bind-9.5.1-0.8.b2.fc10.i386
Installing opal-3.4.2-1.fc10.i386
Installing compiz-fusion-0.7.6-7.fc10.i386
Installing hamcrest-1.1-6.1.fc10.i386
Installing junit4-4.5-3.1.fc10.i386
Installing festival-lib-1.96-6.fc10.i386
Installing zenity-2.24.0-2.fc10.i386
Installing gucharmap-2.24.1-1.fc10.i386
Installing setuptool-1.19.4-2.fc9.i386
Installing libtirpc-0.1.9-6.fc10.i386
Installing rpcbind-0.1.6-2.fc10.i386
Installing nfs-utils-1.1.4-1.fc10.i386
Installing libsmi-0.4.8-1.fc10.i386
Installing libwpd-0.8.14-1.fc9.i386
Installing libglademm24-2.6.7-1.fc10.i386
Installing pulseaudio-module-x11-0.9.13-6.fc10.i386
Installing alsa-plugins-pulseaudio-1.0.18-1.rc3.fc10.i386
Installing ConsoleKit-x11-0.3.0-2.fc10.i386
Installing xorg-x11-xinit-1.0.9-4.fc10.i386
Installing xdg-user-dirs-0.10-1.fc9.i386
Installing imsettings-0.105.1-2.fc10.i386
Installing xorg-x11-xdm-1.1.6-4.fc10.i386
Installing fakeroot-1.9.7-18.fc10.i386
Installing notification-daemon-engine-nodoka-0.1.0-3.fc10.i386
Installing gnome-mag-0.15.4-1.fc10.i386
Installing geoclue-0.11.1-12.fc10.i386
Installing GConf2-gtk-2.24.0-1.fc10.i386
Installing poppler-glib-0.8.7-1.fc10.i386
Installing poppler-qt4-0.8.7-1.fc10.i386
Installing qca-ossl-2.0.0-0.4.beta3.fc10.i386
Installing xine-lib-pulseaudio-1.1.15-3.fc10.i386
Installing dirmngr-1.0.2-1.fc10.i386
Installing pinentry-qt-0.7.4-5.fc9.i386
Installing dcraw-8.82-1.fc9.i386
Installing qt-mysql-4.4.3-2.fc10.i386
Installing akonadi-1.0.0-4.fc10.i386
Installing gtk2-engines-2.16.1-1.fc10.i386
Installing libopenraw-gnome-0.0.5-1.fc9.i386
Installing gtk-nodoka-engine-0.7.2-1.fc10.i386
Installing kasumi-2.3-4.fc9.i386
Installing cupsddk-drivers-1.2.3-5.fc10.i386
Installing paps-0.6.8-7.fc10.i386
Installing jss-4.2.5-3.fc10.i386
Installing jna-3.0.4-10.svn729.fc10.i386
Installing gypsy-0.6-4.fc10.i386
Installing sudo-1.6.9p17-2.fc10.i386
Installing at-3.1.10-26.fc10.i386
Installing kdesdk-utils-4.1.2-4.fc10.i386
Installing elinks-0.12-0.6.pre2.fc10.i386
Installing distcache-1.4.5-17.i386
Installing ntp-4.2.4p5-2.fc10.i386
Installing rdesktop-1.6.0-2.fc10.i386
Installing mysql-embedded-5.0.67-2.fc10.i386
Installing libwvstreams-4.4.1-5.fc10.i386
Installing libesmtp-1.0.4-7.fc9.i386
Installing httpd-tools-2.2.10-2.i386
Installing libssh2-0.18-7.fc9.i386
Installing libcurl-7.18.2-7.fc10.i386
Installing raptor-1.4.18-1.fc10.i386
Installing rasqal-0.9.15-1.fc9.i386
Installing redland-1.0.7-2.fc10.i386
Installing soprano-2.1.1-1.fc10.i386
Installing gnupg-1.4.9-4.fc10.i386
Installing curl-7.18.2-7.fc10.i386
Installing gnupg2-2.0.9-3.fc10.i386
Installing gpgme-1.1.7-1.fc10.i386
Installing WebKit-gtk-1.0.0-0.15.svn37790.fc10.i386
Installing php-cli-5.2.6-5.i386
Installing libtunepimp-0.5.3-11.fc9.i386
Installing xmlrpc-c-1.14.8-2.fc10.i386
Installing plymouth-plugin-label-0.6.0-0.2008.11.17.3.fc10.i386
Installing xorg-x11-utils-7.4-3.fc10.i386
Installing xorg-x11-apps-7.3-5.fc10.i386
Installing wodim-1.1.8-1.fc10.i386
Installing audit-1.7.8-6.fc10.i386
Installing groff-1.18.1.4-16.fc10.i386
Installing nscd-2.9-2.i386
Installing guile-1.8.5-1.fc10.i386
Installing nc-1.84-16.fc9.i386
Installing loudmouth-1.4.2-1.fc10.i386
Installing pulseaudio-libs-glib2-0.9.13-6.fc10.i386
Installing libbeagle-0.3.5-1.fc9.i386
Installing gstreamer-tools-0.10.21-2.fc10.i386
Installing gstreamer-0.10.21-2.fc10.i386
Installing gstreamer-plugins-base-0.10.21-2.fc10.i386
Installing gstreamer-plugins-good-0.10.11-1.fc10.i386
Installing libcanberra-0.10-2.fc10.i386
Installing libcanberra-gtk2-0.10-2.fc10.i386
Installing gstreamer-plugins-flumpegdemux-0.10.15-4.fc10.i386
Installing gmime-2.2.21-1.fc10.i386
Installing meanwhile-1.0.2-8.fc10.i386
Installing pavucontrol-0.9.7-3.fc10.i386
Installing nss_ldap-261-4.fc10.i386
Installing transmission-1.34-1.fc10.i386
Installing nspluginwrapper-1.1.2-4.fc10.i386
Installing vorbis-tools-1.2.0-3.fc10.i386
Installing kerneloops-0.12-1.fc10.i386
Installing jigdo-0.7.3-7.fc10.i386
Installing esmtp-0.6.0-4.fc9.i386
Installing wvdial-1.60-6.fc10.i386
Installing xdg-user-dirs-gtk-0.8-2.fc10.i386
Installing bind-utils-9.5.1-0.8.b2.fc10.i386
Installing gcalctool-5.24.1-2.fc10.i386
Installing pulseaudio-module-gconf-0.9.13-6.fc10.i386
Installing cadaver-0.23.2-4.i386
Installing prelink-0.4.0-3.i386
Installing liferea-1.4.20-4.fc10.i386
Installing sox-14.1.0-5.20081105cvs.fc10.i386
Installing vsftpd-2.0.7-1.fc10.i386
Installing libdbi-dbd-pgsql-0.8.3-2.fc10.i386
Installing pulseaudio-utils-0.9.13-6.fc10.i386
Installing irda-utils-0.9.18-5.fc10.i386
Installing oprofile-gui-0.9.4-3.fc10.i386
Installing qgtkstyle-0.0-0.2.20081024svn820.fc10.i386
Installing mysql-connector-odbc-3.51.26r1127-1.fc10.i386
Installing php-mysql-5.2.6-5.i386
Installing frysk-0.4-2.fc10.i386
Installing vnc-4.1.2-35.fc10.i386
Installing java-1.6.0-openjdk-demo-1.6.0.0-2b12.fc10.i386
Installing alsa-utils-1.0.18-3.rc3.fc10.i386
Installing bluez-alsa-4.17-2.fc10.i386
Installing php-ldap-5.2.6-5.i386
Installing openldap-clients-2.4.12-1.fc10.i386
Installing pam_pkcs11-0.5.3-26.i386
Installing pam_krb5-2.3.2-1.fc10.i386
Installing pam_ccreds-7-3.fc10.i386
Installing pam_passwdqc-1.0.5-1.i386
Installing screen-4.0.3-12.fc10.i386
Installing stunnel-4.26-1.i386
Installing tcpdump-3.9.8-6.fc10.i386
Installing fetchmail-6.3.8-8.fc10.i386
Installing nmap-4.68-3.fc10.i386
Installing krb5-workstation-1.6.3-16.fc10.i386
Installing psacct-6.3.2-51.fc10.i386
Installing ccache-2.4-13.fc9.i386
Installing icedax-1.1.8-1.fc10.i386
Installing zsh-4.3.4-8.fc9.i386
Installing xdelta-1.1.4-4.fc10.i386
Installing hwdata-0.220-1.fc10.noarch
Installing xdg-utils-1.0.2-4.fc9.noarch
Installing m17n-contrib-1.1.8-1.fc10.noarch
Installing gnome-icon-theme-2.24.0-1.fc10.noarch
Installing redhat-menus-10.0.1-1.fc10.noarch
Installing fontconfig-devel-2.6.0-3.fc10.i386
Installing gnome-themes-2.24.1-1.fc10.noarch
Installing urw-fonts-2.4-6.fc10.noarch
Installing eclipse-ecj-3.4.1-5.fc10.i386
Installing dbus-devel-1.2.4-1.fc10.i386
Installing plymouth-scripts-0.6.0-0.2008.11.17.3.fc10.i386
Installing alsa-lib-devel-1.0.18-6.rc3.fc10.i386
Installing ghostscript-fonts-5.50-19.fc10.noarch
Installing fedora-icon-theme-1.0.0-4.fc10.noarch
Installing fedora-gnome-theme-8.0.0-7.fc10.noarch
Installing htmlview-4.0.0-3.fc7.noarch
Installing compiz-fusion-gnome-0.7.6-7.fc10.i386
Installing malaga-suomi-voikko-1.2-1.fc10.i386
Installing libgdiplus-devel-2.0-4.fc10.i386
Installing libacl-devel-2.2.47-3.fc10.i386
Installing libmng-devel-1.0.9-7.i386
Installing libgcj-devel-4.3.2-7.i386
Installing e2fsprogs-devel-1.41.3-2.fc10.i386
Installing sat4j-2.0.0-7.fc10.noarch
Installing javahelp2-2.0.05-5.fc10.noarch
Installing icu4j-3.8.1-4.fc10.i386
Installing strigi-devel-0.5.11-1.fc10.i386
Installing gamin-devel-0.1.9-6.fc10.i386
Installing m17n-contrib-urdu-1.1.8-1.fc10.noarch
Installing m17n-contrib-marathi-1.1.8-1.fc10.noarch
Installing geoclue-devel-0.11.1-12.fc10.i386
Installing bind-chroot-9.5.1-0.8.b2.fc10.i386
Installing gnome-user-docs-2.22.1-1.fc9.noarch
Installing pulseaudio-esound-compat-0.9.13-6.fc10.i386
Installing sysreport-1.4.4-1.noarch
Installing thunderbird-2.0.0.17-1.fc10.i386
Installing pam-devel-1.0.2-2.fc10.i386
Installing bitmap-fonts-0.3-6.fc10.noarch
Installing wqy-bitmap-fonts-0.9.9-6.fc10.noarch
Installing grub-0.97-38.fc10.i386
Installing ghostscript-8.63-4.fc10.i386
Installing libspectre-0.2.1-1.fc10.i386
Installing ImageMagick-6.4.0.10-2.fc10.i386
Installing libpciaccess-0.10.3-3.fc10.i386
Installing evince-2.24.1-3.fc10.i386
Installing pciutils-3.0.2-1.fc10.i386
Installing gutenprint-5.0.2-3.fc10.i386
Installing krb5-devel-1.6.3-16.fc10.i386
Installing libvoikko-2.0-1.fc10.i386
Installing plymouth-plugin-solar-0.6.0-0.2008.11.17.3.fc10.i386
Installing libwmf-0.2.8.4-18.fc9.i386
Installing gimp-2.6.2-1.fc10.i386
Installing gimp-help-browser-2.6.2-1.fc10.i386
Installing evince-djvu-2.24.1-3.fc10.i386
Installing gcc-java-4.3.2-7.i386
Installing pinfo-0.6.9-8.fc10.i386
Installing usbutils-0.73-2.fc9.i386
Installing openssl-devel-0.9.8g-11.fc10.i386
Installing plymouth-system-plugin-0.6.0-0.2008.11.17.3.fc10.i386
Installing pciutils-devel-3.0.2-1.fc10.i386
Installing python-2.5.2-1.fc10.i386
Installing initscripts-8.86-1.i386
Installing python-libs-2.5.2-1.fc10.i386
Installing avahi-0.6.22-11.fc10.i386
Installing mono-core-2.0.1-12.fc10.i386
Installing rhpl-0.218-1.i386
Installing dbus-python-0.83.0-3.fc10.i386
Installing httpd-2.2.10-2.i386
Installing udev-127-3.fc10.i386
Installing rpm-4.6.0-0.rc1.7.i386
Installing xorg-x11-proto-devel-7.4-4.fc10.noarch
Installing kde-filesystem-4-20.fc10.noarch
Installing libxml2-devel-2.7.2-1.fc10.i386
Installing libICE-devel-1.0.4-4.fc10.i386
Installing libSM-devel-1.1.0-2.fc10.i386
Installing libXfixes-devel-4.0.3-4.fc10.i386
Installing libXrandr-devel-1.2.3-1.fc10.i386
Installing mono-data-2.0.1-12.fc10.i386
Installing python-urlgrabber-3.0.0-10.fc10.noarch
Installing solar-kde-theme-0.1.16-2.fc10.noarch
Installing kde-settings-4.1-4.20081031svn.fc10.noarch
Installing libXcursor-devel-1.1.9-3.fc10.i386
Installing libXinerama-devel-1.0.3-2.fc10.i386
Installing ndesk-dbus-0.6.1a-2.fc9.i386
Installing python-slip-0.1.15-1.fc10.noarch
Installing python-slip-dbus-0.1.15-1.fc10.noarch
Installing ndesk-dbus-glib-0.4.1-3.fc9.i386
Installing mono-data-sqlite-2.0.1-12.fc10.i386
Installing libXcomposite-devel-0.4.0-5.fc10.i386
Installing libXi-devel-1.1.3-4.fc9.i386
Installing python-devel-2.5.2-1.fc10.i386
Installing fedora-usermgmt-core-0.10-2.fc10.noarch
Installing libXau-devel-1.0.4-1.fc10.i386
Installing libX11-devel-1.1.4-5.fc10.i386
Installing libXext-devel-1.0.4-1.fc9.i386
Installing libXrender-devel-0.9.4-3.fc9.i386
Installing libXft-devel-2.1.13-1.fc10.i386
Installing cairo-devel-1.8.0-1.fc10.i386
Installing libXv-devel-1.0.4-1.fc10.i386
Installing libXScrnSaver-devel-1.1.3-1.fc10.i386
Installing startup-notification-devel-0.9-4.fc9.i386
Installing fedora-usermgmt-shadow-utils-0.10-2.fc10.noarch
Installing fedora-usermgmt-0.10-2.fc10.noarch
Installing kde-settings-kdm-4.1-4.20081031svn.fc10.noarch
Installing libXdamage-devel-1.1.1-4.fc9.i386
Installing libxslt-devel-1.1.24-2.fc10.i386
Installing libXtst-devel-1.0.3-3.fc9.i386
Installing libXxf86misc-devel-1.0.1-6.fc10.i386
Installing mono-extras-2.0.1-12.fc10.i386
Installing avahi-devel-0.6.22-11.fc10.i386
Installing spambayes-1.0.4-5.fc8.noarch
Installing at-spi-python-1.24.0-5.fc10.i386
Installing python-reportlab-2.1-2.fc9.noarch
Installing python-decoratortools-1.7-1.fc9.noarch
Installing python-iniparse-0.2.3-3.fc9.noarch
Installing python-bugzilla-0.4-0.rc4.fc10.noarch
Installing python-sqlalchemy-0.4.7-1.fc10.noarch
Installing python-feedparser-4.1-4.fc10.noarch
Installing python-setuptools-0.6c8-1.fc10.noarch
Installing python-paste-1.7.1-1.fc10.noarch
Installing smolt-1.1.1.1-9.fc10.noarch
Installing perl-Module-Pluggable-3.60-49.fc10.i386
Installing m17n-db-hindi-1.5.3-1.fc10.noarch
Installing festvox-slt-arctic-hts-0.20061229-6.fc10.i386
Installing m17n-db-tamil-1.5.3-1.fc10.noarch
Installing m17n-db-assamese-1.5.3-1.fc10.noarch
Installing m17n-db-gujarati-1.5.3-1.fc10.noarch
Installing m17n-db-kannada-1.5.3-1.fc10.noarch
Installing m17n-db-malayalam-1.5.3-1.fc10.noarch
Installing m17n-db-telugu-1.5.3-1.fc10.noarch
Installing m17n-contrib-sinhala-1.1.8-1.fc10.noarch
Installing m17n-db-bengali-1.5.3-1.fc10.noarch
Installing m17n-db-punjabi-1.5.3-1.fc10.noarch
Installing m17n-db-oriya-1.5.3-1.fc10.noarch
Installing m17n-contrib-telugu-1.1.8-1.fc10.noarch
Installing m17n-contrib-malayalam-1.1.8-1.fc10.noarch
Installing m17n-contrib-kannada-1.1.8-1.fc10.noarch
Installing m17n-contrib-tamil-1.1.8-1.fc10.noarch
Installing m17n-db-sinhala-1.5.3-1.fc10.noarch
Installing m17n-contrib-gujarati-1.1.8-1.fc10.noarch
Installing m17n-contrib-oriya-1.1.8-1.fc10.noarch
Installing m17n-contrib-assamese-1.1.8-1.fc10.noarch
Installing m17n-contrib-punjabi-1.1.8-1.fc10.noarch
Installing m17n-contrib-hindi-1.1.8-1.fc10.noarch
Installing m17n-contrib-bengali-1.1.8-1.fc10.noarch
Installing avahi-glib-0.6.22-11.fc10.i386
Installing texlive-2007-35.fc10.i386
Installing rpm-libs-4.6.0-0.rc1.7.i386
Installing rpm-python-4.6.0-0.rc1.7.i386
Installing gvfs-1.0.2-3.fc10.i386
Installing gtk-sharp2-2.12.4-1.fc10.i386
Installing libxml2-python-2.7.2-1.fc10.i386
Installing libXt-devel-1.0.5-1.fc10.i386
Installing pygobject2-2.15.4-3.fc10.i386
Installing gnome-menus-2.24.1-1.fc10.i386
Installing libXpm-devel-3.5.7-4.fc9.i386
Installing cyrus-sasl-2.1.22-19.fc10.i386
Installing kpathsea-2007-35.fc10.i386
Installing qt-devel-4.4.3-2.fc10.i386
Installing gdb-6.8-29.fc10.i386
Installing pyOpenSSL-0.7-2.fc10.i386
Installing vte-0.17.4-1.fc10.i386
Installing openssh-5.1p1-3.fc10.i386
Installing plymouth-0.6.0-0.2008.11.17.3.fc10.i386
Installing gettext-0.17-8.fc10.i386
Installing libuser-python-0.56.9-1.i386
Installing newt-python-0.52.10-1.fc10.i386
Installing pycairo-1.4.12-4.fc10.i386
Installing openssh-clients-5.1p1-3.fc10.i386
Installing libpurple-2.5.2-1.fc10.i386
Installing python-imaging-1.1.6-12.fc10.i386
Installing python-crypto-2.0.1-13.1.i386
Installing mx-3.1.1-2.fc10.i386
Installing python-simplejson-2.0.3-2.fc10.i386
Installing python-numeric-24.2-11.fc9.i386
Installing pygtk2-2.13.0-2.fc10.i386
Installing pygtk2-libglade-2.13.0-2.fc10.i386
Installing dnsmasq-2.45-1.fc10.i386
Installing libvirt-0.4.6-3.fc10.i386
Installing libvirt-python-0.4.6-3.fc10.i386
Installing notify-python-0.1.1-4.fc10.i386
Installing libopensync-0.36-3.fc10.i386
Installing audit-libs-python-1.7.8-6.fc10.i386
Installing libselinux-python-2.0.73-1.fc10.i386
Installing sip-4.7.7-3.fc10.i386
Installing PyQt4-4.4.3-1.fc10.i386
Installing xorg-x11-drv-evdev-2.0.7-3.fc10.i386
Installing festival-1.96-6.fc10.i386
Installing gnome-speech-0.4.21-1.fc10.i386
Installing avahi-tools-0.6.22-11.fc10.i386
Installing gstreamer-python-0.10.12-1.fc10.i386
Installing authconfig-5.4.4-1.fc10.i386
Installing plymouth-utils-0.6.0-0.2008.11.17.3.fc10.i386
Installing sendmail-8.14.3-1.fc10.i386
Installing cyrus-sasl-devel-2.1.22-19.fc10.i386
Installing libxslt-python-1.1.24-2.fc10.i386
Installing gvfs-gphoto2-1.0.2-3.fc10.i386
Installing gvfs-archive-1.0.2-3.fc10.i386
Installing gvfs-obexftp-1.0.2-3.fc10.i386
Installing bluez-gnome-1.8-8.fc10.i386
Installing bluez-4.17-2.fc10.i386
Installing texinfo-tex-4.12-4.fc10.i386
Installing man-1.6f-11.fc10.i386
Installing cmake-2.6.2-1.fc10.i386
Installing automoc-1.0-0.9.rc2.fc10.i386
Installing openvpn-2.1-0.28.rc9.fc10.i386
Installing avahi-compat-libdns_sd-0.6.22-11.fc10.i386
Installing avahi-qt3-0.6.22-11.fc10.i386
Installing python-pycurl-7.18.2-1.fc10.i386
Installing libsemanage-python-2.0.28-1.fc10.i386
Installing policycoreutils-2.0.57-11.fc10.i386
Installing yum-metadata-parser-1.1.2-10.fc10.i386
Installing pygpgme-0.1-8.fc9.i386
Installing python-sqlite2-2.3.3-3.fc9.i386
Installing mdadm-2.6.7.1-1.fc10.i386
Installing kbd-1.12-31.fc9.i386
Installing pm-utils-1.2.2.1-2.fc10.i386
Installing dhclient-4.0.0-30.fc10.i386
Installing postgresql-8.3.4-1.fc10.i386
Installing gupnp-0.12.3-1.fc10.i386
Installing cracklib-python-2.8.12-2.i386
Installing pygtksourceview-2.4.0-1.fc10.i386
Installing tkinter-2.5.2-1.fc10.i386
Installing gnome-python2-libwnck-2.23.0-1.fc10.i386
Installing alchemist-1.0.37-4.fc9.i386
Installing pyxf86config-0.3.37-1.fc9.i386
Installing wireshark-1.0.3-1.fc10.i386
Installing kudzu-1.2.85-1.i386
Installing gtk-vnc-python-0.3.7-3.fc10.i386
Installing isomd5sum-1.0.4-1.i386
Installing mkinitrd-6.0.71-2.fc10.i386
Installing kernel-2.6.27.5-117.fc10.i686
Installing fuse-2.7.4-1.fc10.i386
Installing gvfs-fuse-1.0.2-3.fc10.i386
Installing systemtap-runtime-0.8-1.fc10.i386
Installing wpa_supplicant-0.6.4-2.fc10.i386
Installing gamin-python-0.1.9-6.fc10.i386
Installing python-krbV-1.0.13-7.fc9.i386
Installing pyorbit-2.24.0-1.fc10.i386
Installing libbtctl-0.10.0-5.fc10.i386
Installing yp-tools-2.9-4.i386
Installing ypbind-1.20.4-8.fc10.i386
Installing systemtap-0.8-1.fc10.i386
Installing pcmciautils-014-12.fc9.i386
Installing wireshark-gnome-1.0.3-1.fc10.i386
Installing scribus-1.3.5-0.5.12516svn.fc10.i386
Installing postgresql-server-8.3.4-1.fc10.i386
Installing virt-viewer-0.0.3-3.fc10.i386
Installing postgresql-python-8.3.4-1.fc10.i386
Installing openssh-server-5.1p1-3.fc10.i386
Installing openssh-askpass-5.1p1-3.fc10.i386
Installing evince-dvi-2.24.1-3.fc10.i386
Installing rpm-devel-4.6.0-0.rc1.7.i386
Installing gnome-user-share-0.40-3.fc10.i386
Installing openct-0.6.15-1.fc10.i386
Installing mod_auth_mysql-3.0.0-6.i386
Installing mod_python-3.3.1-8.i386
Installing mod_ssl-2.2.10-2.i386
Installing webalizer-2.01_10-37.i386
Installing php-5.2.6-5.i386
Installing python-ldap-2.3.5-1.fc10.i386
Installing mercurial-1.0.2-1.fc10.i386
Installing quota-3.16-5.fc10.i386
Installing rng-utils-2.0-2.fc10.i386
Installing dhcpv6-client-1.0.22-1.fc10.i386
Installing microcode_ctl-1.17-1.46.fc10.i386
Installing irqbalance-0.55-11.fc10.i386
Installing smartmontools-5.38-7.fc10.i386
Installing anacron-2.3-65.fc10.i386
Installing rp-pppoe-3.8-5.fc10.i386
Installing dovecot-1.1.6-2.fc10.i386
Installing ipsec-tools-0.7.1-5.fc10.i386
Installing kvm-74-5.fc10.i386
Installing yum-3.2.20-3.fc10.noarch
Installing koji-1.2.6-1.fc10.noarch
Installing system-config-network-tui-1.5.93-2.fc10.noarch
Installing selinux-policy-3.5.13-18.fc10.noarch
Installing PyOpenGL-3.0.0-0.8.b6.fc10.noarch
Installing libXmu-devel-1.0.4-1.fc9.i386
Installing mono-addins-0.3.1-2.2.fc10.i386
Installing rpmlint-0.85-1.fc10.noarch
Installing system-config-firewall-tui-1.2.13-2.fc10.noarch
Installing mock-0.9.13-1.fc10.noarch
Installing sip-devel-4.7.7-3.fc10.i386
Installing python-virtinst-0.400.0-4.fc10.noarch
Installing system-config-users-1.2.81-1.fc10.noarch
Installing python-slip-gtk-0.1.15-1.fc10.noarch
Installing python-fedora-0.3.6-2.fc10.noarch
Installing bodhi-client-0.5.5-1.fc10.noarch
Installing python-paramiko-1.7.4-2.fc10.noarch
Installing pycairo-devel-1.4.12-4.fc10.i386
Installing plague-common-0.4.5.6-1.fc10.noarch
Installing plague-client-0.4.5.6-1.fc10.noarch
Installing gmime-sharp-2.2.21-1.fc10.i386
Installing system-config-firewall-1.2.13-2.fc10.noarch
Installing libXaw-devel-1.0.4-3.fc10.i386
Installing Xaw3d-devel-1.5E-12.fc10.i386
Installing selinux-policy-targeted-3.5.13-18.fc10.noarch
Installing system-config-language-1.3.2-3.fc10.noarch
Installing yum-utils-1.1.18-2.fc10.noarch
Installing system-config-rootpassword-1.99.4-2.fc10.noarch
Installing openldap-devel-2.4.12-1.fc10.i386
Installing sendmail-cf-8.14.3-1.fc10.i386
Installing authconfig-gtk-5.4.4-1.fc10.i386
Installing virt-top-1.0.3-2.fc10.i386
Installing system-config-nfs-1.3.41-1.fc10.noarch
Installing system-config-boot-0.3.0-2.fc10.i386
Installing bittorrent-4.4.0-7.fc10.noarch
Installing gd-devel-2.0.35-6.fc10.i386
Installing smolt-firstboot-1.1.1.1-9.fc10.noarch
Installing libXvMC-devel-1.0.4-5.fc10.i386
Installing libXevie-devel-1.0.2-4.fc10.i386
Installing kde-settings-pulseaudio-4.1-4.20081031svn.fc10.noarch
Installing kde-i18n-Chinese-3.5.10-1.fc10.noarch
Installing kde-i18n-Chinese-Big5-3.5.10-1.fc10.noarch
Installing kde-l10n-Chinese-Traditional-4.1.2-1.fc10.noarch
Installing kde-l10n-Chinese-4.1.2-1.fc10.noarch
Installing libXxf86vm-devel-1.0.2-1.fc10.i386
Installing libXres-devel-1.0.3-5.fc10.i386
Installing libXxf86dga-devel-1.0.2-3.fc10.i386
Installing libXfont-devel-1.3.3-1.fc10.i386
Installing libdmx-devel-1.0.2-6.fc10.i386
Installing httpd-manual-2.2.10-2.i386
Installing pygtkglext-1.1.0-4.fc9.i386
Installing bzr-1.7-1.fc10.i386
Installing PyQt4-devel-4.4.3-1.fc10.i386
Installing mono-winforms-2.0.1-12.fc10.i386
Installing perl-version-0.74-49.fc10.i386
Installing mono-web-2.0.1-12.fc10.i386
Installing setroubleshoot-plugins-2.0.10-1.fc10.noarch
Installing setroubleshoot-server-2.0.12-1.fc10.noarch
Installing gnome-vfs2-2.24.0-3.fc10.i386
Installing libgnome-2.24.1-7.fc10.i386
Installing libbonoboui-2.24.0-1.fc10.i386
Installing libgnomeui-2.24.0-2.fc10.i386
Installing phonon-4.2.0-7.fc10.i386
Installing gnome-panel-libs-2.24.1-3.fc10.i386
Installing hal-0.5.12-12.20081027git.fc10.i386
Installing evolution-data-server-2.24.1-2.fc10.i386
Installing PolicyKit-gnome-0.9-3.fc10.i386
Installing xulrunner-1.9.0.4-1.fc10.i386
Installing pcsc-lite-1.4.102-3.fc10.i386
Installing totem-pl-parser-2.24.2-1.fc10.i386
Installing samba-winbind-3.2.4-0.22.fc10.i386
Installing samba-common-3.2.4-0.22.fc10.i386
Installing libsmbclient-3.2.4-0.22.fc10.i386
Installing NetworkManager-0.7.0-0.11.svn4229.fc10.i386
Installing gnome-sharp-2.24.0-1.fc10.i386
Installing ifd-egate-0.05-20.i386
Installing totem-gstreamer-2.24.3-1.fc10.i386
Installing hal-devel-0.5.12-12.20081027git.fc10.i386
Installing phonon-devel-4.2.0-7.fc10.i386
Installing PackageKit-yum-plugin-0.3.9-4.fc10.i386
Installing hal-info-20081022-1.fc10.noarch
Installing fedora-screensaver-theme-1.0.0-3.fc10.noarch
Installing libmtp-0.3.3-4.fc10.i386
Installing gnome-mount-0.8-1.fc9.i386
Installing gnome-pilot-2.0.16-2.fc9.i386
Installing gnome-media-2.24.0.1-2.fc10.i386
Installing gtkhtml3-3.24.1-1.fc10.i386
Installing evolution-2.24.1-2.fc10.i386
Installing xorg-x11-drv-vesa-2.0.0-1.fc10.i386
Installing gvfs-smb-1.0.2-3.fc10.i386
Installing ccid-1.3.8-1.fc10.i386
Installing coolkey-1.1.0-7.fc10.i386
Installing eclipse-swt-3.4.1-5.fc10.i386
Installing eclipse-rcp-3.4.1-5.fc10.i386
Installing libgail-gnome-1.20.1-1.fc10.i386
Installing phonon-backend-xine-4.1.2-5.fc10.i386
Installing gnome-bluetooth-libs-0.11.0-5.fc10.i386
Installing im-chooser-1.2.5-1.fc10.i386
Installing scim-1.4.7-35.fc10.i386
Installing scim-python-0.1.13rc1-1.fc10.i386
Installing scim-bridge-0.4.15-8.fc10.i386
Installing scim-bridge-gtk-0.4.15-8.fc10.i386
Installing scim-chewing-0.3.1.901-0.fc10.i386
Installing scim-tables-0.5.8-7.fc10.i386
Installing gtkhtml2-2.11.1-4.fc10.i386
Installing scim-bridge-qt-0.4.15-8.fc10.i386
Installing scim-rawcode-1.4.7-35.fc10.i386
Installing scim-hangul-0.3.2-4.fc9.i386
Installing scim-m17n-0.2.2-3.fc9.i386
Installing scim-anthy-1.2.6-1.fc10.i386
Installing scim-qtimm-0.9.4-11.fc10.i386
Installing totem-mozplugin-2.24.3-1.fc10.i386
Installing NetworkManager-gnome-0.7.0-0.11.svn4229.fc10.i386
Installing NetworkManager-openvpn-0.7.0-16.svn4229.fc10.i386
Installing NetworkManager-vpnc-0.7.0-0.11.svn4229.fc10.i386
Installing ctapi-cyberjack-pcsc-3.0.5-2.fc9.i386
Installing devhelp-0.21-3.fc10.i386
Installing xulrunner-devel-1.9.0.4-1.fc10.i386
Installing java-1.6.0-openjdk-plugin-1.6.0.0-2b12.fc10.i386
Installing gnome-power-manager-2.24.1-3.fc10.i386
Installing gnome-system-monitor-2.24.1-1.fc10.i386
Installing nautilus-sendto-1.1.0-1.fc10.i386
Installing bug-buddy-2.24.1-1.fc10.i386
Installing pidgin-2.5.2-1.fc10.i386
Installing evolution-webcal-2.23.91-1.fc10.i386
Installing ekiga-3.0.1-4.fc10.i386
Installing cheese-2.24.1-2.fc10.i386
Installing mousetweaks-2.24.1-1.fc10.i386
Installing gnome-terminal-2.24.1-2.fc10.i386
Installing vino-2.24.1-1.fc10.i386
Installing gok-2.24.0-2.fc10.i386
Installing dasher-4.9.0-2.fc10.i386
Installing file-roller-2.24.1-1.fc10.i386
Installing gthumb-2.10.10-3.fc10.i386
Installing glade2-2.12.2-5.fc10.i386
Installing krb5-auth-dialog-0.7-7.fc9.i386
Installing scim-python-xingma-0.1.13rc1-1.fc10.i386
Installing scim-python-pinyin-0.1.13rc1-1.fc10.i386
Installing scim-python-xingma-erbi-0.1.13rc1-1.fc10.i386
Installing scim-python-xingma-zhengma-0.1.13rc1-1.fc10.i386
Installing scim-python-xingma-wubi-0.1.13rc1-1.fc10.i386
Installing scim-python-xingma-cangjie-0.1.13rc1-1.fc10.i386
Installing scim-tables-chinese-0.5.8-7.fc10.i386
Installing scim-lang-chinese-1.4.7-35.fc10.i386
Installing scim-python-chinese-0.1.13rc1-1.fc10.i386
Installing gnome-bluetooth-0.11.0-5.fc10.i386
Installing coolkey-devel-1.1.0-7.fc10.i386
Installing esc-1.0.1-11.fc10.i386
Installing evolution-help-2.24.1-2.fc10.i386
Installing firefox-3.0.4-1.fc10.i386
Installing system-config-services-0.99.27-1.fc10.noarch
Installing xorg-x11-server-Xorg-1.5.3-5.fc10.i386
Installing gnome-python2-2.22.3-1.fc10.i386
Installing gnome-python2-gnome-2.22.3-1.fc10.i386
Installing gnome-desktop-2.24.1-5.fc10.i386
Installing gnome-python2-canvas-2.22.3-1.fc10.i386
Installing sane-backends-libs-1.0.19-12.fc10.i386
Installing perl-libs-5.10.0-49.fc10.i386
Installing perl-5.10.0-49.fc10.i386
Installing kdelibs-4.1.2-5.fc10.i386
Installing glib2-devel-2.18.2-3.fc10.i386
Installing kdepimlibs-4.1.2-4.fc10.i386
Installing kdelibs3-3.5.10-1.fc10.i386
Installing kdebase-workspace-libs-4.1.2-14.fc10.i386
Installing cups-1.3.9-2.fc10.i386
Installing kdegraphics-libs-4.1.2-4.fc10.i386
Installing perl-DBI-1.607-1.fc10.i386
Installing eel2-2.24.1-3.fc10.i386
Installing gnome-python2-gconf-2.22.3-1.fc10.i386
Installing mysql-5.0.67-2.fc10.i386
Installing pango-devel-1.22.1-1.fc10.i386
Installing kdelibs-devel-4.1.2-5.fc10.i386
Installing kdemultimedia-libs-4.1.2-2.fc10.i386
Installing qt3-devel-3.3.8b-17.fc10.i386
Installing foomatic-3.0.2-67.fc10.i386
Installing system-config-printer-libs-1.0.9-1.fc10.i386
Installing lm_sensors-3.0.2-1.fc10.i386
Installing gnome-python2-gnomevfs-2.22.3-1.fc10.i386
Installing java-1.5.0-gcj-1.5.0.0-22.fc10.i386
Installing gnome-python2-desktop-2.23.0-1.fc10.i386
Installing autoconf-2.63-1.fc10.noarch
Installing automake-1.10.1-2.noarch
Installing docbook-dtds-1.0-41.fc10.noarch
Installing perl-devel-5.10.0-49.fc10.i386
Installing perl-ExtUtils-MakeMaker-6.36-49.fc10.i386
Installing perl-URI-1.35-8.fc9.noarch
Installing perl-Error-0.17015-1.fc10.noarch
Installing perl-IO-Compress-Base-2.008-49.fc10.i386
Installing gnome-python2-extras-2.19.1-24.fc10.i386
Installing perl-Git-1.6.0.3-1.fc10.i386
Installing docbook-style-xsl-1.74.0-3.fc10.noarch
Installing docbook-style-dsssl-1.79-5.fc9.noarch
Installing libogg-devel-1.1.3-9.fc9.i386
Installing libtool-1.5.26-4.fc10.i386
Installing esound-devel-0.2.40-1.fc10.i386
Installing gnome-doc-utils-0.14.0-1.fc10.noarch
Installing system-config-printer-1.0.9-1.fc10.i386
Installing libIDL-devel-0.8.11-1.fc10.i386
Installing pygobject2-devel-2.15.4-3.fc10.i386
Installing libcroco-devel-0.6.1-5.fc9.i386
Installing redhat-rpm-config-9.0.3-3.fc10.noarch
Installing perl-Time-modules-2006.0814-3.fc10.noarch
Installing perl-Date-Manip-5.48-3.fc9.noarch
Installing perl-ExtUtils-ParseXS-2.18-49.fc10.i386
Installing perl-Convert-ASN1-0.21-3.fc9.noarch
Installing groff-perl-1.18.1.4-16.fc10.i386
Installing perl-Pod-Simple-3.07-49.fc10.i386
Installing perl-SGMLSpm-1.03ii-18.fc9.noarch
Installing docbook-utils-0.6.14-14.fc10.noarch
Installing gtk-doc-1.10-2.fc10.noarch
Installing atk-devel-1.24.0-1.fc10.i386
Installing gssdp-devel-0.6.3-1.fc10.i386
Installing gnome-keyring-devel-2.24.1-1.fc10.i386
Installing libsoup-devel-2.24.1-1.fc10.i386
Installing perl-Test-Harness-3.12-49.fc10.i386
Installing perl-XML-RegExp-0.03-4.fc9.noarch
Installing perl-HTML-Tagset-3.10-8.fc9.noarch
Installing perl-Class-Singleton-1.4-3.fc9.noarch
Installing system-config-date-1.9.34-1.fc10.noarch
Installing firstboot-1.102-1.fc10.i386
Installing fedorainfinity-screensaver-theme-1.0.0-1.fc8.noarch
Installing xml-commons-apis-1.3.04-1.3.fc10.i386
Installing jakarta-commons-logging-1.0.4-7.8.fc10.i386
Installing junit-3.8.2-4.4.fc10.i386
Installing jakarta-commons-collections-3.2-2.3.fc10.i386
Installing gtk2-devel-2.14.4-3.fc10.i386
Installing jakarta-oro-2.0.8-4.2.fc10.i386
Installing jakarta-commons-beanutils-1.7.0-10.3.fc10.i386
Installing ORBit2-devel-2.14.16-1.fc10.i386
Installing regexp-1.5-2.2.fc10.i386
Installing bcel-5.2-5.fc10.i386
Installing antlr-2.7.7-2.fc10.i386
Installing classpathx-jaf-1.0-12.fc10.i386
Installing classpathx-mail-1.1.1-7.1.fc10.i386
Installing jakarta-commons-digester-1.7-7.3.fc10.i386
Installing perl-HTML-Parser-3.56-5.fc9.i386
Installing subversion-1.5.4-3.i386
Installing jakarta-commons-lang-2.3-2.3.fc10.i386
Installing jakarta-commons-codec-1.3-9.4.fc10.i386
Installing lucene-2.3.1-3.4.fc10.i386
Installing jakarta-commons-cli-1.0-7.11.fc10.i386
Installing jakarta-commons-validator-1.1.4-6.4.fc10.i386
Installing jakarta-commons-httpclient-3.1-0.3.fc10.i386
Installing jakarta-commons-el-1.0-9.4.fc10.i386
Installing jakarta-commons-pool-1.3-10.5.fc10.i386
Installing jdepend-2.6-7.4.fc10.i386
Installing java_cup-0.10k-1.i386
Installing ganymed-ssh2-210-6.fc9.i386
Installing bea-stax-api-1.2.0-0.3.rc1.fc10.i386
Installing net-snmp-libs-5.4.2-3.fc10.i386
Installing hplip-libs-2.8.7-3.fc10.i386
Installing kdnssd-avahi-0.1.3-0.6.20080116svn.fc9.i386
Installing kdebase-libs-4.1.2-5.fc10.i386
Installing PyKDE4-4.1.2-2.fc10.i386
Installing rpm-build-4.6.0-0.rc1.7.i386
Installing genisoimage-1.1.8-1.fc10.i386
Installing postfix-2.5.5-1.fc10.i386
Installing perl-Digest-SHA1-2.11-7.fc9.i386
Installing psutils-1.17-29.fc10.i386
Installing texlive-dvips-2007-35.fc10.i386
Installing perl-Compress-Raw-Zlib-2.008-49.fc10.i386
Installing perl-Params-Validate-0.91-1.fc10.i386
Installing gnome-screensaver-2.24.0-2.fc10.i386
Installing totem-2.24.3-1.fc10.i386
Installing gnome-settings-daemon-2.24.0-14.fc10.i386
Installing control-center-2.24.0.1-9.fc10.i386
Installing gnome-session-2.24.1-3.fc10.i386
Installing gnome-python2-bonobo-2.22.3-1.fc10.i386
Installing sane-backends-1.0.19-12.fc10.i386
Installing xorg-x11-drv-void-1.1.1-9.fc9.i386
Installing gnome-python2-libegg-2.19.1-24.fc10.i386
Installing texlive-utils-2007-35.fc10.i386
Installing cronie-1.2-4.fc10.i386
Installing dvd+rw-tools-7.1-1.fc10.i386
Installing nautilus-cd-burner-2.24.0-1.fc10.i386
Installing gnome-desktop-sharp-2.24.0-3.fc10.i386
Installing net-snmp-5.4.2-3.fc10.i386
Installing hpijs-2.8.7-3.fc10.i386
Installing bea-stax-1.2.0-0.3.rc1.fc10.i386
Installing svnkit-1.1.4-4.fc10.i386
Installing jakarta-commons-dbcp-1.2.1-11jpp.4.fc10.i386
Installing lucene-contrib-2.3.1-3.4.fc10.i386
Installing subversion-javahl-1.5.4-3.i386
Installing jakarta-commons-discovery-0.4-3.2.fc10.i386
Installing samba-3.2.4-0.22.fc10.i386
Installing gnome-python2-gtkhtml2-2.19.1-24.fc10.i386
Installing git-1.6.0.3-1.fc10.i386
Installing gnome-python2-applet-2.23.0-1.fc10.i386
Installing gnome-python2-gnomekeyring-2.23.0-1.fc10.i386
Installing virt-manager-0.6.0-3.fc10.i386
Installing sinjdoc-0.5-7.fc10.i386
Installing jlex-1.2.6-6.3.fc10.i386
Installing jakarta-commons-fileupload-1.0-7.3.fc10.i386
Installing jakarta-commons-launcher-1.1-2.4.fc10.i386
Installing ws-commons-util-1.0.1-10.fc10.i386
Installing hsqldb-1.8.0.10-1.fc10.i386
Installing xml-commons-apis12-1.2.04-1.5.fc10.i386
Installing swing-layout-1.0.3-2.fc9.i386
Installing jzlib-1.0.7-5.3.fc10.i386
Installing libreadline-java-0.8.0-22.fc10.i386
Installing ksysguardd-4.1.2-14.fc10.i386
Installing hal-cups-utils-0.6.17-4.fc10.i386
Installing qt3-designer-3.3.8b-17.fc10.i386
Installing arts-devel-1.5.10-1.fc10.i386
Installing kdebase-workspace-devel-4.1.2-14.fc10.i386
Installing perl-DBD-MySQL-4.005-8.fc9.i386
Installing digikam-0.10.0-0.6.beta5.fc10.i386
Installing digikam-libs-0.10.0-0.6.beta5.fc10.i386
Installing libgnomecups-0.2.3-4.fc10.i386
Installing libgnomeprint22-2.18.5-1.fc10.i386
Installing libgnomeprintui22-2.18.3-1.fc10.i386
Installing gnome-python2-gnomeprint-2.23.0-1.fc10.i386
Installing gnome-games-2.24.1-1.fc10.i386
Installing kaffeine-0.8.7-2.fc10.i386
Installing kaffeine-libs-0.8.7-2.fc10.i386
Installing kdepim-4.1.2-5.fc10.i386
Installing kdepim-libs-4.1.2-5.fc10.i386
Installing kdenetwork-libs-4.1.2-3.fc10.i386
Installing dbus-glib-devel-0.76-3.fc10.i386
Installing libgsf-devel-1.14.10-1.fc10.i386
Installing kdesdk-libs-4.1.2-4.fc10.i386
Installing kdegames-libs-4.1.2-2.fc10.i386
Installing cvs-1.11.23-2.fc10.i386
Installing gettext-devel-0.17-8.fc10.i386
Installing samba-client-3.2.4-0.22.fc10.i386
Installing emacs-common-22.2-5.fc9.i386
Installing perl-File-RsyncP-0.68-4.fc9.i386
Installing perl-suidperl-5.10.0-49.fc10.i386
Installing perl-Newt-1.08-21.fc9.i386
Installing perl-String-CRC32-1.4-6.fc9.i386
Installing perl-BSD-Resource-1.28-6.fc9.i386
Installing ImageMagick-perl-6.4.0.10-2.fc10.i386
Installing netpbm-progs-10.35.54-1.fc10.i386
Installing perl-Socket6-0.20-1.fc10.i386
Installing perl-Net-SSLeay-1.35-1.fc10.i386
Installing perl-Net-LibIDN-0.10-2.fc9.i386
Installing perl-List-MoreUtils-0.22-6.fc9.i386
Installing perl-DateTime-0.4304-2.fc10.i386
Installing xorg-x11-drv-siliconmotion-1.6.0-1.fc9.i386
Installing xorg-x11-drv-tdfx-1.4.0-1.fc9.i386
Installing xorg-x11-drv-openchrome-0.2.903-1.fc10.i386
Installing xorg-x11-drv-sisusb-0.9.0-1.fc9.i386
Installing xorg-x11-drv-apm-1.2.0-1.fc9.i386
Installing xorg-x11-drv-calcomp-1.1.2-1.fc9.i386
Installing xorg-x11-drv-dummy-0.3.0-1.fc9.i386
Installing xorg-x11-drv-voodoo-1.2.0-1.fc9.i386
Installing xorg-x11-drv-mouse-1.3.0-2.fc9.i386
Installing xorg-x11-drv-trident-1.3.0-1.fc9.i386
Installing xorg-x11-drv-mga-1.4.9-1.fc9.i386
Installing xorg-x11-drv-v4l-0.2.0-1.fc9.i386
Installing xorg-x11-drv-ur98-1.1.0-5.fc9.i386
Installing xorg-x11-drv-glint-1.2.1-1.fc9.i386
Installing xorg-x11-drv-synaptics-0.15.2-1.fc10.i386
Installing xorg-x11-drv-cirrus-1.2.0-1.fc9.i386
Installing xorg-x11-drv-microtouch-1.2.0-1.fc9.i386
Installing xorg-x11-drv-hyperpen-1.2.0-1.fc9.i386
Installing xorg-x11-drv-i810-2.5.0-3.fc10.i386
Installing xorg-x11-drv-sis-0.10.0-1.fc9.i386
Installing linuxwacom-0.8.0.3-4.fc10.i386
Installing xorg-x11-drv-dmc-1.1.2-1.fc9.i386
Installing xorg-x11-drv-wiimote-0.0.1-1.fc9.i386
Installing xorg-x11-drv-rendition-4.2.0-1.fc9.i386
Installing xorg-x11-drv-s3virge-1.10.0-1.fc9.i386
Installing xorg-x11-drv-palmax-1.2.0-1.fc9.i386
Installing xorg-x11-drv-ati-6.9.0-54.fc10.i386
Installing xorg-x11-drv-elographics-1.2.3-1.fc10.i386
Installing xorg-x11-drv-r128-6.8.0-1.fc10.i386
Installing xorg-x11-drv-dynapro-1.1.2-1.fc9.i386
Installing xorg-x11-drv-ast-0.85.0-1.fc9.i386
Installing xorg-x11-drv-nv-2.1.12-6.fc10.i386
Installing xorg-x11-drv-magellan-1.2.0-1.fc9.i386
Installing xorg-x11-drv-mach64-6.8.0-1.fc10.i386
Installing xorg-x11-drv-vmmouse-12.6.1-1.fc10.i386
Installing xorg-x11-drv-geode-2.10.1-1.fc10.i386
Installing xorg-x11-drv-summa-1.2.0-2.fc10.i386
Installing xorg-x11-drv-fpit-1.2.0-1.fc9.i386
Installing xorg-x11-drv-mutouch-1.2.1-1.fc10.i386
Installing xorg-x11-drv-keyboard-1.3.0-3.fc9.i386
Installing xorg-x11-drv-penmount-1.3.0-1.fc9.i386
Installing xorg-x11-drv-neomagic-1.2.0-1.fc9.i386
Installing xorg-x11-drv-fbdev-0.3.1-7.fc9.i386
Installing xorg-x11-drv-nouveau-0.0.11-1.20080902git6dd8ad4.fc10.i386
Installing xorg-x11-drv-jamstudio-1.2.0-1.fc9.i386
Installing xorg-x11-drv-diamondtouch-0.2.0-0.1.fc9.i386
Installing xorg-x11-drv-vmware-10.16.0-1.fc9.i386
Installing xorg-x11-drv-tek4957-1.2.0-1.fc9.i386
Installing xorg-x11-drv-savage-2.2.0-2.fc9.i386
Installing xorg-x11-drv-i128-1.3.0-1.fc9.i386
Installing xorg-x11-drv-citron-2.2.1-1.fc9.i386
Installing xorg-x11-drv-i740-1.2.0-1.fc9.i386
Installing xorg-x11-drv-acecad-1.2.2-1.fc9.i386
Installing xorg-x11-drv-digitaledge-1.1.1-1.fc9.i386
Installing xorg-x11-drv-spaceorb-1.1.0-6.fc9.i386
Installing xorg-x11-drv-aiptek-1.1.1-1.fc9.i386
Installing PackageKit-yum-0.3.9-4.fc10.i386
Installing mod_perl-2.0.4-7.i386
Installing lftp-3.7.4-1.fc10.i386
Installing crypto-utils-2.4.1-2.i386
Installing emacs-22.2-5.fc9.i386
Installing kdegames-4.1.2-2.fc10.i386
Installing kdenetwork-4.1.2-3.fc10.i386
Installing tomboy-0.12.0-5.fc10.i386
Installing planner-0.14.3-6.fc10.i386
Installing mysql-server-5.0.67-2.fc10.i386
Installing kdeutils-4.1.2-3.fc10.i386
Installing hplip-2.8.7-3.fc10.i386
Installing f-spot-0.4.4-6.fc10.i386
Installing sound-juicer-2.24.0-1.fc10.i386
Installing rhythmbox-0.11.6-15.6005.fc10.i386
Installing libsane-hpaio-2.8.7-3.fc10.i386
Installing orca-2.24.1-1.fc10.i386
Installing compiz-gnome-0.7.6-17.fc10.i386
Installing totem-nautilus-2.24.3-1.fc10.i386
Installing guidance-power-manager-4.1.2-1.fc10.i386
Installing kftpgrabber-0.8.1-6.fc9.i386
Installing yelp-2.24.0-3.fc10.i386
Installing gedit-2.24.1-1.fc10.i386
Installing jakarta-commons-daemon-1.0.1-6jpp.5.fc9.i386
Installing gnu-getopt-1.0.12-5.fc10.i386
Installing ldapjdk-4.18-1.fc9.i386
Installing xml-commons-which-1.0-1.b2.0.3.fc10.i386
Installing amarok-1.94-2.fc10.i386
Installing MySQL-python-1.2.2-7.fc10.i386
Installing libdbi-dbd-mysql-0.8.3-2.fc10.i386
Installing nautilus-2.24.1-3.fc10.i386
Installing perl-DBD-Pg-2.10.0-1.fc10.i386
Installing kipi-plugins-0.2.0-0.4.beta3.fc10.i386
Installing kdegraphics-4.1.2-4.fc10.i386
Installing kdeplasma-addons-4.1.2-2.fc10.i386
Installing konversation-1.1-1.fc10.i386
Installing ksshaskpass-0.4-2.fc9.i386
Installing kdbg-2.1.0-3.fc10.i386
Installing ktorrent-3.1.4-1.fc10.i386
Installing fbset-2.1-26.fc10.i386
Installing numactl-2.0.2-2.fc10.i386
Installing valgrind-3.3.0-4.i386
Installing patchutils-0.3.0-1.fc10.i386
Installing isdn4k-utils-3.2-60.fc10.i386
Installing vim-enhanced-7.2.025-2.fc10.i386
Installing enscript-1.6.4-11.fc10.i386
Installing mutt-1.5.18-4.fc10.i386
Installing exim-4.69-7.fc10.i386
Installing squid-3.0.STABLE10-1.fc10.i386
Installing bonnie++-1.03c-1.fc10.i386
Installing xsane-gimp-0.995-5.fc10.i386
Installing xsane-0.995-5.fc10.i386
Installing gnome-utils-2.24.1-1.fc10.i386
Installing eog-2.24.1-1.fc10.i386
Installing libbonobo-devel-2.24.0-2.fc10.i386
Installing jsch-0.1.39-1.1.fc10.noarch
Installing GConf2-devel-2.24.0-1.fc10.i386
Installing libglade2-devel-2.6.3-1.fc10.i386
Installing libgnomecanvas-devel-2.20.1.1-2.fc9.i386
Installing gnome-vfs2-devel-2.24.0-3.fc10.i386
Installing libgnome-devel-2.24.1-7.fc10.i386
Installing rpmdevtools-6.7-1.fc9.noarch
Installing libgnomeprint22-devel-2.18.5-1.fc10.i386
Installing perl-DateTime-Format-W3CDTF-0.04-5.fc9.noarch
Installing perl-DateTime-Format-Mail-0.3001-3.fc9.noarch
Installing perl-IO-Socket-SSL-1.17-1.fc10.noarch
Installing perl-IO-Socket-INET6-2.54-1.fc9.noarch
Installing librsvg2-devel-2.22.3-1.fc10.i386
Installing netbeans-platform8-6.1-5.fc10.noarch
Installing gnome-session-xsession-2.24.1-3.fc10.i386
Installing perl-IO-Compress-Zlib-2.008-49.fc10.i386
Installing perl-Compress-Zlib-2.008-49.fc10.i386
Installing perl-libwww-perl-5.817-1.fc10.noarch
Installing perl-IO-Zlib-1.07-49.fc10.i386
Installing perl-Archive-Tar-1.38-49.fc10.i386
Installing html2ps-1.0-0.1.b5.fc10.noarch
Installing perl-Archive-Zip-1.23-1.fc10.noarch
Installing perl-Digest-HMAC-1.01-19.fc9.noarch
Installing jakarta-commons-net-1.4.1-4.3.fc10.noarch
Installing xpp3-1.1.3.8-1.2.fc10.noarch
Installing objectweb-asm-3.1-5.1.fc10.noarch
Installing xpp2-2.1.10-6.2.fc10.noarch
Installing libgnomeprintui22-devel-2.18.3-1.fc10.i386
Installing fedora-packager-0.3.0-1.fc9.noarch
Installing evolution-data-server-devel-2.24.1-2.fc10.i386
Installing at-spi-devel-1.24.0-5.fc10.i386
Installing xorg-x11-drivers-7.3-9.fc10.i386
Installing gnome-games-help-2.24.1-1.fc10.i386
Installing kdemultimedia-devel-4.1.2-2.fc10.i386
Installing setroubleshoot-2.0.12-1.fc10.noarch
Installing system-config-samba-1.2.67-1.fc10.noarch
Installing redhat-lsb-3.2-2.fc10.i386
Installing jdepend-demo-2.6-7.4.fc10.i386
Installing junit-demo-3.8.2-4.4.fc10.i386
Installing system-config-keyboard-1.2.15-4.fc10.noarch
Installing gupnp-devel-0.12.3-1.fc10.i386
Installing gypsy-devel-0.6-4.fc10.i386
Installing libgtop2-devel-2.24.0-1.fc10.i386
Installing logwatch-7.3.6-31.fc10.noarch
Installing pygtk2-devel-2.13.0-2.fc10.i386
Installing libvorbis-devel-1.2.0-5.fc10.i386
Installing libcurl-devel-7.18.2-7.fc10.i386
Installing SDL-devel-1.2.13-6.fc10.i386
Installing automake17-1.7.9-11.noarch
Installing gutenprint-foomatic-5.0.2-3.fc10.i386
Installing kdepimlibs-devel-4.1.2-4.fc10.i386
Installing alacarte-0.11.6-4.fc10.noarch
Installing bluez-cups-4.17-2.fc10.i386
Installing libuser-devel-0.56.9-1.i386
Installing automake16-1.6.3-14.noarch
Installing automake14-1.4p6-17.fc10.noarch
Installing automake15-1.5-25.noarch
Installing evolution-perl-2.24.1-2.fc10.i386
Installing system-config-lvm-1.1.4-3.1.fc10.noarch
Installing system-config-network-1.5.93-2.fc10.noarch
Installing policycoreutils-gui-2.0.57-11.fc10.i386
Installing system-config-httpd-1.4.4-2.fc10.noarch
Installing perl-XML-Parser-2.36-3.fc9.i386
Installing gnome-panel-2.24.1-3.fc10.i386
Installing libbonoboui-devel-2.24.0-1.fc10.i386
Installing java-1.6.0-openjdk-devel-1.6.0.0-2b12.fc10.i386
Installing perl-Net-DNS-0.63-4.fc10.i386
Installing libgnomeui-devel-2.24.0-2.fc10.i386
Installing perl-XML-DOM-1.44-4.fc9.noarch
Installing perl-XML-RSS-1.31-3.fc9.noarch
Installing BackupPC-3.1.0-3.fc10.noarch
Installing eel2-devel-2.24.1-3.fc10.i386
Installing gnome-pilot-devel-2.0.16-2.fc9.i386
Installing gnome-desktop-devel-2.24.1-5.fc10.i386
Installing intltool-0.40.5-1.fc10.i386
Installing gnome-panel-devel-2.24.1-3.fc10.i386
Installing spamassassin-3.2.5-2.fc10.i386
Installing gnome-applets-2.24.1-1.fc10.i386
Installing gnome-applet-vm-0.2.0-2.fc9.i386
Installing xerces-j2-2.7.1-10.2.fc10.i386
Installing ant-1.7.1-7.2.fc10.i386
Installing ant-nodeps-1.7.1-7.2.fc10.i386
Installing xalan-j2-2.7.0-7.4.fc10.i386
Installing jdom-1.0-5.5.fc10.i386
Installing log4j-1.2.14-4.3.fc10.i386
Installing xml-commons-resolver-1.1-2.14.fc10.i386
Installing kdebase-runtime-4.1.2-5.fc10.i386
Installing kdebase-workspace-4.1.2-14.fc10.i386
Installing xmldb-api-0.1-0.2.20011111cvs.1.3.fc10.i386
Installing bsf-2.3.0-13.fc10.i386
Installing bsh-1.3.0-13.fc10.i386
Installing texlive-latex-2007-35.fc10.i386
Installing kdelibs3-devel-3.5.10-1.fc10.i386
Installing gdm-2.24.0-12.fc10.i386
Installing classworlds-1.1-2.fc10.noarch
Installing plexus-container-default-1.0-0.1.a8.1.2.fc10.noarch
Installing saxon-6.5.5-1.3.fc10.noarch
Installing plexus-i18n-1.0-0.b6.5.3.fc10.noarch
Installing nekohtml-0.9.5-4.2.fc10.noarch
Installing isorelax-0-0.2.release20050331.fc10.noarch
Installing httpunit-1.6.2-2.fc10.noarch
Installing plexus-interactivity-1.0-0.1.a5.2.3.fc10.noarch
Installing plexus-compiler-1.5.2-2.3.fc10.noarch
Installing xom-1.0-3.5.fc10.noarch
Installing tex-preview-11.85-7.fc9.noarch
Installing PackageKit-udev-helper-0.3.9-4.fc10.i386
Installing texlive-texmf-latex-2007-26.fc10.noarch
Installing plymouth-gdm-hooks-0.6.0-0.2008.11.17.3.fc10.i386
Installing kdnssd-avahi-devel-0.1.3-0.6.20080116svn.fc9.i386
Installing openoffice.org-core-3.0.0-9.10.fc10.i386
Installing openoffice.org-brand-3.0.0-9.10.fc10.i386
Installing openoffice.org-impress-core-3.0.0-9.10.fc10.i386
Installing maven-surefire-1.5.3-2.8.fc10.i386
Installing openoffice.org-presenter-screen-3.0.0-9.10.fc10.i386
Installing openoffice.org-graphicfilter-3.0.0-9.10.fc10.i386
Installing openoffice.org-math-core-3.0.0-9.10.fc10.i386
Installing openoffice.org-calc-core-3.0.0-9.10.fc10.i386
Installing openoffice.org-writer-core-3.0.0-9.10.fc10.i386
Installing msv-msv-1.2-0.2.20050722.3.4.fc10.i386
Installing ant-trax-1.7.1-7.2.fc10.i386
Installing plexus-archiver-1.0-0.2.a7.1.2.fc10.i386
Installing plexus-ant-factory-1.0-0.2.a1.1.9.fc10.i386
Installing plexus-bsh-factory-1.0-0.2.a7s.1.9.fc10.i386
Installing kdevelop-3.5.3-1.fc10.i386
Installing ant-apache-bsf-1.7.1-7.2.fc10.i386
Installing xmldb-api-sdk-0.1-0.2.20011111cvs.1.3.fc10.i386
Installing kdebase-4.1.2-5.fc10.i386
Installing ant-apache-resolver-1.7.1-7.2.fc10.i386
Installing ant-apache-log4j-1.7.1-7.2.fc10.i386
Installing werken-xpath-0.9.4-1.beta.12.3.i386
Installing avalon-framework-4.1.4-4.fc10.i386
Installing ant-apache-regexp-1.7.1-7.2.fc10.i386
Installing ant-commons-logging-1.7.1-7.2.fc10.i386
Installing ant-antlr-1.7.1-7.2.fc10.i386
Installing ant-apache-oro-1.7.1-7.2.fc10.i386
Installing ant-junit-1.7.1-7.2.fc10.i386
Installing ant-apache-bcel-1.7.1-7.2.fc10.i386
Installing ant-javamail-1.7.1-7.2.fc10.i386
Installing ant-jdepend-1.7.1-7.2.fc10.i386
Installing ant-commons-net-1.7.1-7.2.fc10.i386
Installing ant-jsch-1.7.1-7.2.fc10.i386
Installing ant-swing-1.7.1-7.2.fc10.i386
Installing jtidy-1.0-0.2.r7dev.1.3.fc10.i386
Installing wsdl4j-1.5.2-5.4.fc10.i386
Installing axis-1.2.1-4.1.fc10.i386
Installing mx4j-3.0.1-7.8.fc10.i386
Installing jakarta-commons-modeler-2.0-4.3.fc10.i386
Installing jetty-5.1.14-1.6.fc10.i386
Installing eclipse-platform-3.4.1-5.fc10.i386
Installing geronimo-specs-1.0-2.M2.fc10.i386
Installing kdebase-runtime-libs-4.1.2-5.fc10.i386
Installing kdevelop-libs-3.5.3-1.fc10.i386
Installing eclipse-jdt-3.4.1-5.fc10.i386
Installing geronimo-specs-compat-1.0-2.M2.fc10.i386
Installing ws-jaxme-0.5.1-2.4.fc10.noarch
Installing openoffice.org-draw-core-3.0.0-9.10.fc10.i386
Installing eclipse-mylyn-3.0.3-3.fc10.noarch
Installing eclipse-changelog-2.6.3-1.fc10.i386
Installing maven-surefire-booter-1.5.3-2.8.fc10.i386
Installing eclipse-rpm-editor-0.4.0-5.fc10.i386
Installing eclipse-mylyn-java-3.0.3-3.fc10.noarch
Installing eclipse-pde-3.4.1-5.fc10.i386
Installing eclipse-subclipse-1.2.4-12.fc10.noarch
Installing eclipse-nls-zh-0.2.0-0.5.20080807snap.fc10.noarch
Installing eclipse-nls-zh_TW-0.2.0-0.5.20080807snap.fc10.noarch
Installing openoffice.org-math-3.0.0-9.10.fc10.i386
Installing openoffice.org-xsltfilter-3.0.0-9.10.fc10.i386
Installing openoffice.org-langpack-en-3.0.0-9.10.fc10.i386
Installing openoffice.org-langpack-zh_TW-3.0.0-9.10.fc10.i386
Installing openoffice.org-langpack-zh_CN-3.0.0-9.10.fc10.i386
Installing ant-scripts-1.7.1-7.2.fc10.i386
Installing xerces-j2-scripts-2.7.1-10.2.fc10.i386
Installing openoffice.org-pdfimport-3.0.0-9.10.fc10.i386
Installing avalon-logkit-1.2-6.fc10.i386
Installing velocity-1.4-7.3.fc10.i386
Installing plexus-velocity-1.1.2-3.2.fc10.i386
Installing maven-doxia-1.0-0.2.a7.2.10.fc10.i386
Installing maven-jxr-1.0-2.8.fc10.i386
Installing mysql-connector-java-3.1.12-6.fc10.i386
Installing jython-2.2.1-0.1.Release_2_2_1.1.2.fc10.i386
Installing openoffice.org-draw-3.0.0-9.10.fc10.i386
Installing eclipse-cdt-5.0.0-10.fc10.i386
Installing konq-plugins-4.1.2-1.fc10.i386
Installing openoffice.org-writer-3.0.0-9.10.fc10.i386
Installing openoffice.org-calc-3.0.0-9.10.fc10.i386
Installing openoffice.org-impress-3.0.0-9.10.fc10.i386
Installing openoffice.org-voikko-3.0-3.fc10.i386
Installing gdm-user-switch-applet-2.24.0-12.fc10.i386
Installing a2ps-4.14-6.fc10.i386
Installing kdeaccessibility-4.1.2-2.fc10.i386
Installing kdemultimedia-4.1.2-2.fc10.i386
Installing kdeartwork-4.1.2-2.fc10.i386
Installing kdesdk-4.1.2-4.fc10.i386
Installing jakarta-taglibs-standard-1.1.1-9.2.fc10.i386
Installing xalan-j2-demo-2.7.0-7.4.fc10.i386
Installing xerces-j2-demo-2.7.1-10.2.fc10.i386
Installing xalan-j2-xsltc-2.7.0-7.4.fc10.i386
Installing checkstyle-4.1-5.fc10.noarch
Installing eclipse-pydev-1.3.24-1.fc10.noarch
Installing jaxen-1.1-1.3.fc10.noarch
Installing dom4j-1.6.1-3.fc10.noarch
Installing PackageKit-0.3.9-4.fc10.i386
Installing PackageKit-glib-0.3.9-4.fc10.i386
Installing pmd-3.6-1.4.fc10.noarch
Installing PackageKit-qt-0.3.9-4.fc10.i386
Installing gnome-packagekit-0.3.9-8.fc10.i386
Installing PackageKit-gstreamer-plugin-0.3.9-4.fc10.i386
Installing kpackagekit-0.3.1-4.fc10.i386
Installing maven2-2.0.4-10.15.fc10.i386
Installing bind-chroot-9.5.1-0.8.b2.fc10.i386
Installing rpm-4.6.0-0.rc1.7.i386
Installing kernel-2.6.27.5-117.fc10.i686
Installing emacs-common-22.2-5.fc9.i386
Installing emacs-22.2-5.fc9.i386
